[2019-05-12 00:57:46] local.ERROR: Call to undefined method App\Services\Combines\NineGag::do() {"exception":"[object] (Symfony\\Component\\Debug\\Exception\\FatalThrowableError(code: 0): Call to undefined method App\\Services\\Combines\\NineGag::do() at C:\\OSPanel\\domains\\gator\\app\\Services\\Harvester.php:14)
[stacktrace]
#0 C:\\OSPanel\\domains\\gator\\app\\Http\\Controllers\\Harvester.php(12): App\\Services\\Harvester->exec('[{\"id\":\"aPYz7dG...')
#1 [internal function]: App\\Http\\Controllers\\Harvester->exec(Object(App\\Services\\Harvester))
#2 C:\\OSPanel\\domains\\gator\\vendor\\laravel\\framework\\src\\Illuminate\\Routing\\Controller.php(54): call_user_func_array(Array, Array)
#3 C:\\OSPanel\\domains\\gator\\vendor\\laravel\\framework\\src\\Illuminate\\Routing\\ControllerDispatcher.php(45): Illuminate\\Routing\\Controller->callAction('exec', Array)
#4 C:\\OSPanel\\domains\\gator\\vendor\\laravel\\framework\\src\\Illuminate\\Routing\\Route.php(219): Illuminate\\Routing\\ControllerDispatcher->dispatch(Object(Illuminate\\Routing\\Route), Object(App\\Http\\Controllers\\Harvester), 'exec')
#5 C:\\OSPanel\\domains\\gator\\vendor\\laravel\\framework\\src\\Illuminate\\Routing\\Route.php(176): Illuminate\\Routing\\Route->runController()
#6 C:\\OSPanel\\domains\\gator\\vendor\\laravel\\framework\\src\\Illuminate\\Routing\\Router.php(680): Illuminate\\Routing\\Route->run()
#7 C:\\OSPanel\\domains\\gator\\vendor\\laravel\\framework\\src\\Illuminate\\Routing\\Pipeline.php(30): Illuminate\\Routing\\Router->Illuminate\\Routing\\{closure}(Object(Illuminate\\Http\\Request))
#8 C:\\OSPanel\\domains\\gator\\vendor\\laravel\\framework\\src\\Illuminate\\Routing\\Middleware\\SubstituteBindings.php(41): Illuminate\\Routing\\Pipeline->Illuminate\\Routing\\{closure}(Object(Illuminate\\Http\\Request))
#9 C:\\OSPanel\\domains\\gator\\vendor\\laravel\\framework\\src\\Illuminate\\Pipeline\\Pipeline.php(163): Illuminate\\Routing\\Middleware\\SubstituteBindings->handle(Object(Illuminate\\Http\\Request), Object(Closure))
#10 C:\\OSPanel\\domains\\gator\\vendor\\laravel\\framework\\src\\Illuminate\\Routing\\Pipeline.php(53): Illuminate\\Pipeline\\Pipeline->Illuminate\\Pipeline\\{closure}(Object(Illuminate\\Http\\Request))
#11 C:\\OSPanel\\domains\\gator\\vendor\\laravel\\framework\\src\\Illuminate\\Foundation\\Http\\Middleware\\VerifyCsrfToken.php(75): Illuminate\\Routing\\Pipeline->Illuminate\\Routing\\{closure}(Object(Illuminate\\Http\\Request))
#12 C:\\OSPanel\\domains\\gator\\vendor\\laravel\\framework\\src\\Illuminate\\Pipeline\\Pipeline.php(163): Illuminate\\Foundation\\Http\\Middleware\\VerifyCsrfToken->handle(Object(Illuminate\\Http\\Request), Object(Closure))
#13 C:\\OSPanel\\domains\\gator\\vendor\\laravel\\framework\\src\\Illuminate\\Routing\\Pipeline.php(53): Illuminate\\Pipeline\\Pipeline->Illuminate\\Pipeline\\{closure}(Object(Illuminate\\Http\\Request))
#14 C:\\OSPanel\\domains\\gator\\vendor\\laravel\\framework\\src\\Illuminate\\View\\Middleware\\ShareErrorsFromSession.php(49): Illuminate\\Routing\\Pipeline->Illuminate\\Routing\\{closure}(Object(Illuminate\\Http\\Request))
#15 C:\\OSPanel\\domains\\gator\\vendor\\laravel\\framework\\src\\Illuminate\\Pipeline\\Pipeline.php(163): Illuminate\\View\\Middleware\\ShareErrorsFromSession->handle(Object(Illuminate\\Http\\Request), Object(Closure))
#16 C:\\OSPanel\\domains\\gator\\vendor\\laravel\\framework\\src\\Illuminate\\Routing\\Pipeline.php(53): Illuminate\\Pipeline\\Pipeline->Illuminate\\Pipeline\\{closure}(Object(Illuminate\\Http\\Request))
#17 C:\\OSPanel\\domains\\gator\\vendor\\laravel\\framework\\src\\Illuminate\\Session\\Middleware\\StartSession.php(56): Illuminate\\Routing\\Pipeline->Illuminate\\Routing\\{closure}(Object(Illuminate\\Http\\Request))
#18 C:\\OSPanel\\domains\\gator\\vendor\\laravel\\framework\\src\\Illuminate\\Pipeline\\Pipeline.php(163): Illuminate\\Session\\Middleware\\StartSession->handle(Object(Illuminate\\Http\\Request), Object(Closure))
#19 C:\\OSPanel\\domains\\gator\\vendor\\laravel\\framework\\src\\Illuminate\\Routing\\Pipeline.php(53): Illuminate\\Pipeline\\Pipeline->Illuminate\\Pipeline\\{closure}(Object(Illuminate\\Http\\Request))
#20 C:\\OSPanel\\domains\\gator\\vendor\\laravel\\framework\\src\\Illuminate\\Cookie\\Middleware\\AddQueuedCookiesToResponse.php(37): Illuminate\\Routing\\Pipeline->Illuminate\\Routing\\{closure}(Object(Illuminate\\Http\\Request))
#21 C:\\OSPanel\\domains\\gator\\vendor\\laravel\\framework\\src\\Illuminate\\Pipeline\\Pipeline.php(163): Illuminate\\Cookie\\Middleware\\AddQueuedCookiesToResponse->handle(Object(Illuminate\\Http\\Request), Object(Closure))
#22 C:\\OSPanel\\domains\\gator\\vendor\\laravel\\framework\\src\\Illuminate\\Routing\\Pipeline.php(53): Illuminate\\Pipeline\\Pipeline->Illuminate\\Pipeline\\{closure}(Object(Illuminate\\Http\\Request))
#23 C:\\OSPanel\\domains\\gator\\vendor\\laravel\\framework\\src\\Illuminate\\Cookie\\Middleware\\EncryptCookies.php(66): Illuminate\\Routing\\Pipeline->Illuminate\\Routing\\{closure}(Object(Illuminate\\Http\\Request))
#24 C:\\OSPanel\\domains\\gator\\vendor\\laravel\\framework\\src\\Illuminate\\Pipeline\\Pipeline.php(163): Illuminate\\Cookie\\Middleware\\EncryptCookies->handle(Object(Illuminate\\Http\\Request), Object(Closure))
#25 C:\\OSPanel\\domains\\gator\\vendor\\laravel\\framework\\src\\Illuminate\\Routing\\Pipeline.php(53): Illuminate\\Pipeline\\Pipeline->Illuminate\\Pipeline\\{closure}(Object(Illuminate\\Http\\Request))
#26 C:\\OSPanel\\domains\\gator\\vendor\\laravel\\framework\\src\\Illuminate\\Pipeline\\Pipeline.php(104): Illuminate\\Routing\\Pipeline->Illuminate\\Routing\\{closure}(Object(Illuminate\\Http\\Request))
#27 C:\\OSPanel\\domains\\gator\\vendor\\laravel\\framework\\src\\Illuminate\\Routing\\Router.php(682): Illuminate\\Pipeline\\Pipeline->then(Object(Closure))
#28 C:\\OSPanel\\domains\\gator\\vendor\\laravel\\framework\\src\\Illuminate\\Routing\\Router.php(657): Illuminate\\Routing\\Router->runRouteWithinStack(Object(Illuminate\\Routing\\Route), Object(Illuminate\\Http\\Request))
#29 C:\\OSPanel\\domains\\gator\\vendor\\laravel\\framework\\src\\Illuminate\\Routing\\Router.php(623): Illuminate\\Routing\\Router->runRoute(Object(Illuminate\\Http\\Request), Object(Illuminate\\Routing\\Route))
#30 C:\\OSPanel\\domains\\gator\\vendor\\laravel\\framework\\src\\Illuminate\\Routing\\Router.php(612): Illuminate\\Routing\\Router->dispatchToRoute(Object(Illuminate\\Http\\Request))
#31 C:\\OSPanel\\domains\\gator\\vendor\\laravel\\framework\\src\\Illuminate\\Foundation\\Http\\Kernel.php(176): Illuminate\\Routing\\Router->dispatch(Object(Illuminate\\Http\\Request))
#32 C:\\OSPanel\\domains\\gator\\vendor\\laravel\\framework\\src\\Illuminate\\Routing\\Pipeline.php(30): Illuminate\\Foundation\\Http\\Kernel->Illuminate\\Foundation\\Http\\{closure}(Object(Illuminate\\Http\\Request))
#33 C:\\OSPanel\\domains\\gator\\vendor\\fideloper\\proxy\\src\\TrustProxies.php(57): Illuminate\\Routing\\Pipeline->Illuminate\\Routing\\{closure}(Object(Illuminate\\Http\\Request))
#34 C:\\OSPanel\\domains\\gator\\vendor\\laravel\\framework\\src\\Illuminate\\Pipeline\\Pipeline.php(163): Fideloper\\Proxy\\TrustProxies->handle(Object(Illuminate\\Http\\Request), Object(Closure))
#35 C:\\OSPanel\\domains\\gator\\vendor\\laravel\\framework\\src\\Illuminate\\Routing\\Pipeline.php(53): Illuminate\\Pipeline\\Pipeline->Illuminate\\Pipeline\\{closure}(Object(Illuminate\\Http\\Request))
#36 C:\\OSPanel\\domains\\gator\\vendor\\laravel\\framework\\src\\Illuminate\\Foundation\\Http\\Middleware\\TransformsRequest.php(21): Illuminate\\Routing\\Pipeline->Illuminate\\Routing\\{closure}(Object(Illuminate\\Http\\Request))
#37 C:\\OSPanel\\domains\\gator\\vendor\\laravel\\framework\\src\\Illuminate\\Pipeline\\Pipeline.php(163): Illuminate\\Foundation\\Http\\Middleware\\TransformsRequest->handle(Object(Illuminate\\Http\\Request), Object(Closure))
#38 C:\\OSPanel\\domains\\gator\\vendor\\laravel\\framework\\src\\Illuminate\\Routing\\Pipeline.php(53): Illuminate\\Pipeline\\Pipeline->Illuminate\\Pipeline\\{closure}(Object(Illuminate\\Http\\Request))
#39 C:\\OSPanel\\domains\\gator\\vendor\\laravel\\framework\\src\\Illuminate\\Foundation\\Http\\Middleware\\TransformsRequest.php(21): Illuminate\\Routing\\Pipeline->Illuminate\\Routing\\{closure}(Object(Illuminate\\Http\\Request))
#40 C:\\OSPanel\\domains\\gator\\vendor\\laravel\\framework\\src\\Illuminate\\Pipeline\\Pipeline.php(163): Illuminate\\Foundation\\Http\\Middleware\\TransformsRequest->handle(Object(Illuminate\\Http\\Request), Object(Closure))
#41 C:\\OSPanel\\domains\\gator\\vendor\\laravel\\framework\\src\\Illuminate\\Routing\\Pipeline.php(53): Illuminate\\Pipeline\\Pipeline->Illuminate\\Pipeline\\{closure}(Object(Illuminate\\Http\\Request))
#42 C:\\OSPanel\\domains\\gator\\vendor\\laravel\\framework\\src\\Illuminate\\Foundation\\Http\\Middleware\\ValidatePostSize.php(27): Illuminate\\Routing\\Pipeline->Illuminate\\Routing\\{closure}(Object(Illuminate\\Http\\Request))
#43 C:\\OSPanel\\domains\\gator\\vendor\\laravel\\framework\\src\\Illuminate\\Pipeline\\Pipeline.php(163): Illuminate\\Foundation\\Http\\Middleware\\ValidatePostSize->handle(Object(Illuminate\\Http\\Request), Object(Closure))
#44 C:\\OSPanel\\domains\\gator\\vendor\\laravel\\framework\\src\\Illuminate\\Routing\\Pipeline.php(53): Illuminate\\Pipeline\\Pipeline->Illuminate\\Pipeline\\{closure}(Object(Illuminate\\Http\\Request))
#45 C:\\OSPanel\\domains\\gator\\vendor\\laravel\\framework\\src\\Illuminate\\Foundation\\Http\\Middleware\\CheckForMaintenanceMode.php(62): Illuminate\\Routing\\Pipeline->Illuminate\\Routing\\{closure}(Object(Illuminate\\Http\\Request))
#46 C:\\OSPanel\\domains\\gator\\vendor\\laravel\\framework\\src\\Illuminate\\Pipeline\\Pipeline.php(163): Illuminate\\Foundation\\Http\\Middleware\\CheckForMaintenanceMode->handle(Object(Illuminate\\Http\\Request), Object(Closure))
#47 C:\\OSPanel\\domains\\gator\\vendor\\laravel\\framework\\src\\Illuminate\\Routing\\Pipeline.php(53): Illuminate\\Pipeline\\Pipeline->Illuminate\\Pipeline\\{closure}(Object(Illuminate\\Http\\Request))
#48 C:\\OSPanel\\domains\\gator\\vendor\\laravel\\framework\\src\\Illuminate\\Pipeline\\Pipeline.php(104): Illuminate\\Routing\\Pipeline->Illuminate\\Routing\\{closure}(Object(Illuminate\\Http\\Request))
#49 C:\\OSPanel\\domains\\gator\\vendor\\laravel\\framework\\src\\Illuminate\\Foundation\\Http\\Kernel.php(151): Illuminate\\Pipeline\\Pipeline->then(Object(Closure))
#50 C:\\OSPanel\\domains\\gator\\vendor\\laravel\\framework\\src\\Illuminate\\Foundation\\Http\\Kernel.php(116): Illuminate\\Foundation\\Http\\Kernel->sendRequestThroughRouter(Object(Illuminate\\Http\\Request))
#51 C:\\OSPanel\\domains\\gator\\public\\index.php(55): Illuminate\\Foundation\\Http\\Kernel->handle(Object(Illuminate\\Http\\Request))
#52 {main}
"} 
[2019-05-12 01:03:02] local.ERROR: Declaration of App\Services\Combines\NineGag::format($raw): array must be compatible with App\Services\Combines\Combine::format() {"exception":"[object] (Symfony\\Component\\Debug\\Exception\\FatalErrorException(code: 64): Declaration of App\\Services\\Combines\\NineGag::format($raw): array must be compatible with App\\Services\\Combines\\Combine::format() at C:\\OSPanel\\domains\\gator\\app\\Services\\Combines\\NineGag.php:7)
[stacktrace]
#0 C:\\OSPanel\\domains\\gator\\vendor\\laravel\\framework\\src\\Illuminate\\Foundation\\Bootstrap\\HandleExceptions.php(137): Symfony\\Component\\Debug\\Exception\\FatalErrorException->__construct()
#1 C:\\OSPanel\\domains\\gator\\vendor\\laravel\\framework\\src\\Illuminate\\Foundation\\Bootstrap\\HandleExceptions.php(123): Illuminate\\Foundation\\Bootstrap\\HandleExceptions->fatalExceptionFromError()
#2 C:\\OSPanel\\domains\\gator\\vendor\\laravel\\framework\\src\\Illuminate\\Foundation\\Bootstrap\\HandleExceptions.php(0): Illuminate\\Foundation\\Bootstrap\\HandleExceptions->handleShutdown()
#3 C:\\OSPanel\\domains\\gator\\vendor\\composer\\ClassLoader.php(444): ()
#4 C:\\OSPanel\\domains\\gator\\vendor\\composer\\ClassLoader.php(322): Composer\\Autoload\\includeFile()
#5 C:\\OSPanel\\domains\\gator\\app\\Services\\Harvester.php(30): Composer\\Autoload\\ClassLoader->loadClass()
#6 C:\\OSPanel\\domains\\gator\\app\\Services\\Harvester.php(30): spl_autoload_call()
#7 C:\\OSPanel\\domains\\gator\\app\\Services\\Harvester.php(13): App\\Services\\Harvester->getCombine()
#8 C:\\OSPanel\\domains\\gator\\app\\Http\\Controllers\\Harvester.php(12): App\\Services\\Harvester->exec()
#9 C:\\OSPanel\\domains\\gator\\vendor\\laravel\\framework\\src\\Illuminate\\Routing\\Controller.php(54): App\\Http\\Controllers\\Harvester->exec()
#10 C:\\OSPanel\\domains\\gator\\vendor\\laravel\\framework\\src\\Illuminate\\Routing\\Controller.php(54): call_user_func_array:{C:\\OSPanel\\domains\\gator\\vendor\\laravel\\framework\\src\\Illuminate\\Routing\\Controller.php:54}()
#11 C:\\OSPanel\\domains\\gator\\vendor\\laravel\\framework\\src\\Illuminate\\Routing\\ControllerDispatcher.php(45): App\\Http\\Controllers\\Harvester->callAction()
#12 C:\\OSPanel\\domains\\gator\\vendor\\laravel\\framework\\src\\Illuminate\\Routing\\Route.php(219): Illuminate\\Routing\\ControllerDispatcher->dispatch()
#13 C:\\OSPanel\\domains\\gator\\vendor\\laravel\\framework\\src\\Illuminate\\Routing\\Route.php(176): Illuminate\\Routing\\Route->runController()
#14 C:\\OSPanel\\domains\\gator\\vendor\\laravel\\framework\\src\\Illuminate\\Routing\\Router.php(680): Illuminate\\Routing\\Route->run()
#15 C:\\OSPanel\\domains\\gator\\vendor\\laravel\\framework\\src\\Illuminate\\Routing\\Pipeline.php(30): Illuminate\\Routing\\Router->Illuminate\\Routing\\{closure:C:\\OSPanel\\domains\\gator\\vendor\\laravel\\framework\\src\\Illuminate\\Routing\\Router.php:678-682}()
#16 C:\\OSPanel\\domains\\gator\\vendor\\laravel\\framework\\src\\Illuminate\\Routing\\Middleware\\SubstituteBindings.php(41): Illuminate\\Routing\\Pipeline->Illuminate\\Routing\\{closure:C:\\OSPanel\\domains\\gator\\vendor\\laravel\\framework\\src\\Illuminate\\Routing\\Pipeline.php:28-36}()
#17 C:\\OSPanel\\domains\\gator\\vendor\\laravel\\framework\\src\\Illuminate\\Pipeline\\Pipeline.php(163): Illuminate\\Routing\\Middleware\\SubstituteBindings->handle()
#18 C:\\OSPanel\\domains\\gator\\vendor\\laravel\\framework\\src\\Illuminate\\Routing\\Pipeline.php(53): Illuminate\\Routing\\Pipeline->Illuminate\\Pipeline\\{closure:C:\\OSPanel\\domains\\gator\\vendor\\laravel\\framework\\src\\Illuminate\\Pipeline\\Pipeline.php:140-169}()
#19 C:\\OSPanel\\domains\\gator\\vendor\\laravel\\framework\\src\\Illuminate\\Foundation\\Http\\Middleware\\VerifyCsrfToken.php(75): Illuminate\\Routing\\Pipeline->Illuminate\\Routing\\{closure:C:\\OSPanel\\domains\\gator\\vendor\\laravel\\framework\\src\\Illuminate\\Routing\\Pipeline.php:47-59}()
#20 C:\\OSPanel\\domains\\gator\\vendor\\laravel\\framework\\src\\Illuminate\\Pipeline\\Pipeline.php(163): App\\Http\\Middleware\\VerifyCsrfToken->handle()
#21 C:\\OSPanel\\domains\\gator\\vendor\\laravel\\framework\\src\\Illuminate\\Routing\\Pipeline.php(53): Illuminate\\Routing\\Pipeline->Illuminate\\Pipeline\\{closure:C:\\OSPanel\\domains\\gator\\vendor\\laravel\\framework\\src\\Illuminate\\Pipeline\\Pipeline.php:140-169}()
#22 C:\\OSPanel\\domains\\gator\\vendor\\laravel\\framework\\src\\Illuminate\\View\\Middleware\\ShareErrorsFromSession.php(49): Illuminate\\Routing\\Pipeline->Illuminate\\Routing\\{closure:C:\\OSPanel\\domains\\gator\\vendor\\laravel\\framework\\src\\Illuminate\\Routing\\Pipeline.php:47-59}()
#23 C:\\OSPanel\\domains\\gator\\vendor\\laravel\\framework\\src\\Illuminate\\Pipeline\\Pipeline.php(163): Illuminate\\View\\Middleware\\ShareErrorsFromSession->handle()
#24 C:\\OSPanel\\domains\\gator\\vendor\\laravel\\framework\\src\\Illuminate\\Routing\\Pipeline.php(53): Illuminate\\Routing\\Pipeline->Illuminate\\Pipeline\\{closure:C:\\OSPanel\\domains\\gator\\vendor\\laravel\\framework\\src\\Illuminate\\Pipeline\\Pipeline.php:140-169}()
#25 C:\\OSPanel\\domains\\gator\\vendor\\laravel\\framework\\src\\Illuminate\\Session\\Middleware\\StartSession.php(56): Illuminate\\Routing\\Pipeline->Illuminate\\Routing\\{closure:C:\\OSPanel\\domains\\gator\\vendor\\laravel\\framework\\src\\Illuminate\\Routing\\Pipeline.php:47-59}()
#26 C:\\OSPanel\\domains\\gator\\vendor\\laravel\\framework\\src\\Illuminate\\Pipeline\\Pipeline.php(163): Illuminate\\Session\\Middleware\\StartSession->handle()
#27 C:\\OSPanel\\domains\\gator\\vendor\\laravel\\framework\\src\\Illuminate\\Routing\\Pipeline.php(53): Illuminate\\Routing\\Pipeline->Illuminate\\Pipeline\\{closure:C:\\OSPanel\\domains\\gator\\vendor\\laravel\\framework\\src\\Illuminate\\Pipeline\\Pipeline.php:140-169}()
#28 C:\\OSPanel\\domains\\gator\\vendor\\laravel\\framework\\src\\Illuminate\\Cookie\\Middleware\\AddQueuedCookiesToResponse.php(37): Illuminate\\Routing\\Pipeline->Illuminate\\Routing\\{closure:C:\\OSPanel\\domains\\gator\\vendor\\laravel\\framework\\src\\Illuminate\\Routing\\Pipeline.php:47-59}()
#29 C:\\OSPanel\\domains\\gator\\vendor\\laravel\\framework\\src\\Illuminate\\Pipeline\\Pipeline.php(163): Illuminate\\Cookie\\Middleware\\AddQueuedCookiesToResponse->handle()
#30 C:\\OSPanel\\domains\\gator\\vendor\\laravel\\framework\\src\\Illuminate\\Routing\\Pipeline.php(53): Illuminate\\Routing\\Pipeline->Illuminate\\Pipeline\\{closure:C:\\OSPanel\\domains\\gator\\vendor\\laravel\\framework\\src\\Illuminate\\Pipeline\\Pipeline.php:140-169}()
#31 C:\\OSPanel\\domains\\gator\\vendor\\laravel\\framework\\src\\Illuminate\\Cookie\\Middleware\\EncryptCookies.php(66): Illuminate\\Routing\\Pipeline->Illuminate\\Routing\\{closure:C:\\OSPanel\\domains\\gator\\vendor\\laravel\\framework\\src\\Illuminate\\Routing\\Pipeline.php:47-59}()
#32 C:\\OSPanel\\domains\\gator\\vendor\\laravel\\framework\\src\\Illuminate\\Pipeline\\Pipeline.php(163): App\\Http\\Middleware\\EncryptCookies->handle()
#33 C:\\OSPanel\\domains\\gator\\vendor\\laravel\\framework\\src\\Illuminate\\Routing\\Pipeline.php(53): Illuminate\\Routing\\Pipeline->Illuminate\\Pipeline\\{closure:C:\\OSPanel\\domains\\gator\\vendor\\laravel\\framework\\src\\Illuminate\\Pipeline\\Pipeline.php:140-169}()
#34 C:\\OSPanel\\domains\\gator\\vendor\\laravel\\framework\\src\\Illuminate\\Pipeline\\Pipeline.php(104): Illuminate\\Routing\\Pipeline->Illuminate\\Routing\\{closure:C:\\OSPanel\\domains\\gator\\vendor\\laravel\\framework\\src\\Illuminate\\Routing\\Pipeline.php:47-59}()
#35 C:\\OSPanel\\domains\\gator\\vendor\\laravel\\framework\\src\\Illuminate\\Routing\\Router.php(682): Illuminate\\Routing\\Pipeline->then()
#36 C:\\OSPanel\\domains\\gator\\vendor\\laravel\\framework\\src\\Illuminate\\Routing\\Router.php(657): Illuminate\\Routing\\Router->runRouteWithinStack()
#37 C:\\OSPanel\\domains\\gator\\vendor\\laravel\\framework\\src\\Illuminate\\Routing\\Router.php(623): Illuminate\\Routing\\Router->runRoute()
#38 C:\\OSPanel\\domains\\gator\\vendor\\laravel\\framework\\src\\Illuminate\\Routing\\Router.php(612): Illuminate\\Routing\\Router->dispatchToRoute()
#39 C:\\OSPanel\\domains\\gator\\vendor\\laravel\\framework\\src\\Illuminate\\Foundation\\Http\\Kernel.php(176): Illuminate\\Routing\\Router->dispatch()
#40 C:\\OSPanel\\domains\\gator\\vendor\\laravel\\framework\\src\\Illuminate\\Routing\\Pipeline.php(30): App\\Http\\Kernel->Illuminate\\Foundation\\Http\\{closure:C:\\OSPanel\\domains\\gator\\vendor\\laravel\\framework\\src\\Illuminate\\Foundation\\Http\\Kernel.php:173-177}()
#41 C:\\OSPanel\\domains\\gator\\vendor\\fideloper\\proxy\\src\\TrustProxies.php(57): Illuminate\\Routing\\Pipeline->Illuminate\\Routing\\{closure:C:\\OSPanel\\domains\\gator\\vendor\\laravel\\framework\\src\\Illuminate\\Routing\\Pipeline.php:28-36}()
#42 C:\\OSPanel\\domains\\gator\\vendor\\laravel\\framework\\src\\Illuminate\\Pipeline\\Pipeline.php(163): App\\Http\\Middleware\\TrustProxies->handle()
#43 C:\\OSPanel\\domains\\gator\\vendor\\laravel\\framework\\src\\Illuminate\\Routing\\Pipeline.php(53): Illuminate\\Routing\\Pipeline->Illuminate\\Pipeline\\{closure:C:\\OSPanel\\domains\\gator\\vendor\\laravel\\framework\\src\\Illuminate\\Pipeline\\Pipeline.php:140-169}()
#44 C:\\OSPanel\\domains\\gator\\vendor\\laravel\\framework\\src\\Illuminate\\Foundation\\Http\\Middleware\\TransformsRequest.php(21): Illuminate\\Routing\\Pipeline->Illuminate\\Routing\\{closure:C:\\OSPanel\\domains\\gator\\vendor\\laravel\\framework\\src\\Illuminate\\Routing\\Pipeline.php:47-59}()
#45 C:\\OSPanel\\domains\\gator\\vendor\\laravel\\framework\\src\\Illuminate\\Pipeline\\Pipeline.php(163): Illuminate\\Foundation\\Http\\Middleware\\ConvertEmptyStringsToNull->handle()
#46 C:\\OSPanel\\domains\\gator\\vendor\\laravel\\framework\\src\\Illuminate\\Routing\\Pipeline.php(53): Illuminate\\Routing\\Pipeline->Illuminate\\Pipeline\\{closure:C:\\OSPanel\\domains\\gator\\vendor\\laravel\\framework\\src\\Illuminate\\Pipeline\\Pipeline.php:140-169}()
#47 C:\\OSPanel\\domains\\gator\\vendor\\laravel\\framework\\src\\Illuminate\\Foundation\\Http\\Middleware\\TransformsRequest.php(21): Illuminate\\Routing\\Pipeline->Illuminate\\Routing\\{closure:C:\\OSPanel\\domains\\gator\\vendor\\laravel\\framework\\src\\Illuminate\\Routing\\Pipeline.php:47-59}()
#48 C:\\OSPanel\\domains\\gator\\vendor\\laravel\\framework\\src\\Illuminate\\Pipeline\\Pipeline.php(163): App\\Http\\Middleware\\TrimStrings->handle()
#49 C:\\OSPanel\\domains\\gator\\vendor\\laravel\\framework\\src\\Illuminate\\Routing\\Pipeline.php(53): Illuminate\\Routing\\Pipeline->Illuminate\\Pipeline\\{closure:C:\\OSPanel\\domains\\gator\\vendor\\laravel\\framework\\src\\Illuminate\\Pipeline\\Pipeline.php:140-169}()
#50 C:\\OSPanel\\domains\\gator\\vendor\\laravel\\framework\\src\\Illuminate\\Foundation\\Http\\Middleware\\ValidatePostSize.php(27): Illuminate\\Routing\\Pipeline->Illuminate\\Routing\\{closure:C:\\OSPanel\\domains\\gator\\vendor\\laravel\\framework\\src\\Illuminate\\Routing\\Pipeline.php:47-59}()
#51 C:\\OSPanel\\domains\\gator\\vendor\\laravel\\framework\\src\\Illuminate\\Pipeline\\Pipeline.php(163): Illuminate\\Foundation\\Http\\Middleware\\ValidatePostSize->handle()
#52 C:\\OSPanel\\domains\\gator\\vendor\\laravel\\framework\\src\\Illuminate\\Routing\\Pipeline.php(53): Illuminate\\Routing\\Pipeline->Illuminate\\Pipeline\\{closure:C:\\OSPanel\\domains\\gator\\vendor\\laravel\\framework\\src\\Illuminate\\Pipeline\\Pipeline.php:140-169}()
#53 C:\\OSPanel\\domains\\gator\\vendor\\laravel\\framework\\src\\Illuminate\\Foundation\\Http\\Middleware\\CheckForMaintenanceMode.php(62): Illuminate\\Routing\\Pipeline->Illuminate\\Routing\\{closure:C:\\OSPanel\\domains\\gator\\vendor\\laravel\\framework\\src\\Illuminate\\Routing\\Pipeline.php:47-59}()
#54 C:\\OSPanel\\domains\\gator\\vendor\\laravel\\framework\\src\\Illuminate\\Pipeline\\Pipeline.php(163): App\\Http\\Middleware\\CheckForMaintenanceMode->handle()
#55 C:\\OSPanel\\domains\\gator\\vendor\\laravel\\framework\\src\\Illuminate\\Routing\\Pipeline.php(53): Illuminate\\Routing\\Pipeline->Illuminate\\Pipeline\\{closure:C:\\OSPanel\\domains\\gator\\vendor\\laravel\\framework\\src\\Illuminate\\Pipeline\\Pipeline.php:140-169}()
#56 C:\\OSPanel\\domains\\gator\\vendor\\laravel\\framework\\src\\Illuminate\\Pipeline\\Pipeline.php(104): Illuminate\\Routing\\Pipeline->Illuminate\\Routing\\{closure:C:\\OSPanel\\domains\\gator\\vendor\\laravel\\framework\\src\\Illuminate\\Routing\\Pipeline.php:47-59}()
#57 C:\\OSPanel\\domains\\gator\\vendor\\laravel\\framework\\src\\Illuminate\\Foundation\\Http\\Kernel.php(151): Illuminate\\Routing\\Pipeline->then()
#58 C:\\OSPanel\\domains\\gator\\vendor\\laravel\\framework\\src\\Illuminate\\Foundation\\Http\\Kernel.php(116): App\\Http\\Kernel->sendRequestThroughRouter()
#59 C:\\OSPanel\\domains\\gator\\public\\index.php(55): App\\Http\\Kernel->handle()
#60 C:\\OSPanel\\domains\\gator\\public\\index.php(0): {main}()
#61 {main}
"} 
[2019-05-12 01:03:23] local.ERROR: Return value of App\Services\Combines\NineGag::format() must be of the type array, object returned {"exception":"[object] (Symfony\\Component\\Debug\\Exception\\FatalThrowableError(code: 0): Return value of App\\Services\\Combines\\NineGag::format() must be of the type array, object returned at C:\\OSPanel\\domains\\gator\\app\\Services\\Combines\\NineGag.php:23)
[stacktrace]
#0 C:\\OSPanel\\domains\\gator\\app\\Services\\Harvester.php(14): App\\Services\\Combines\\NineGag->format(Object(stdClass))
#1 C:\\OSPanel\\domains\\gator\\app\\Http\\Controllers\\Harvester.php(12): App\\Services\\Harvester->exec('[{\"id\":\"aWYPxA2...')
#2 [internal function]: App\\Http\\Controllers\\Harvester->exec(Object(App\\Services\\Harvester))
#3 C:\\OSPanel\\domains\\gator\\vendor\\laravel\\framework\\src\\Illuminate\\Routing\\Controller.php(54): call_user_func_array(Array, Array)
#4 C:\\OSPanel\\domains\\gator\\vendor\\laravel\\framework\\src\\Illuminate\\Routing\\ControllerDispatcher.php(45): Illuminate\\Routing\\Controller->callAction('exec', Array)
#5 C:\\OSPanel\\domains\\gator\\vendor\\laravel\\framework\\src\\Illuminate\\Routing\\Route.php(219): Illuminate\\Routing\\ControllerDispatcher->dispatch(Object(Illuminate\\Routing\\Route), Object(App\\Http\\Controllers\\Harvester), 'exec')
#6 C:\\OSPanel\\domains\\gator\\vendor\\laravel\\framework\\src\\Illuminate\\Routing\\Route.php(176): Illuminate\\Routing\\Route->runController()
#7 C:\\OSPanel\\domains\\gator\\vendor\\laravel\\framework\\src\\Illuminate\\Routing\\Router.php(680): Illuminate\\Routing\\Route->run()
#8 C:\\OSPanel\\domains\\gator\\vendor\\laravel\\framework\\src\\Illuminate\\Routing\\Pipeline.php(30): Illuminate\\Routing\\Router->Illuminate\\Routing\\{closure}(Object(Illuminate\\Http\\Request))
#9 C:\\OSPanel\\domains\\gator\\vendor\\laravel\\framework\\src\\Illuminate\\Routing\\Middleware\\SubstituteBindings.php(41): Illuminate\\Routing\\Pipeline->Illuminate\\Routing\\{closure}(Object(Illuminate\\Http\\Request))
#10 C:\\OSPanel\\domains\\gator\\vendor\\laravel\\framework\\src\\Illuminate\\Pipeline\\Pipeline.php(163): Illuminate\\Routing\\Middleware\\SubstituteBindings->handle(Object(Illuminate\\Http\\Request), Object(Closure))
#11 C:\\OSPanel\\domains\\gator\\vendor\\laravel\\framework\\src\\Illuminate\\Routing\\Pipeline.php(53): Illuminate\\Pipeline\\Pipeline->Illuminate\\Pipeline\\{closure}(Object(Illuminate\\Http\\Request))
#12 C:\\OSPanel\\domains\\gator\\vendor\\laravel\\framework\\src\\Illuminate\\Foundation\\Http\\Middleware\\VerifyCsrfToken.php(75): Illuminate\\Routing\\Pipeline->Illuminate\\Routing\\{closure}(Object(Illuminate\\Http\\Request))
#13 C:\\OSPanel\\domains\\gator\\vendor\\laravel\\framework\\src\\Illuminate\\Pipeline\\Pipeline.php(163): Illuminate\\Foundation\\Http\\Middleware\\VerifyCsrfToken->handle(Object(Illuminate\\Http\\Request), Object(Closure))
#14 C:\\OSPanel\\domains\\gator\\vendor\\laravel\\framework\\src\\Illuminate\\Routing\\Pipeline.php(53): Illuminate\\Pipeline\\Pipeline->Illuminate\\Pipeline\\{closure}(Object(Illuminate\\Http\\Request))
#15 C:\\OSPanel\\domains\\gator\\vendor\\laravel\\framework\\src\\Illuminate\\View\\Middleware\\ShareErrorsFromSession.php(49): Illuminate\\Routing\\Pipeline->Illuminate\\Routing\\{closure}(Object(Illuminate\\Http\\Request))
#16 C:\\OSPanel\\domains\\gator\\vendor\\laravel\\framework\\src\\Illuminate\\Pipeline\\Pipeline.php(163): Illuminate\\View\\Middleware\\ShareErrorsFromSession->handle(Object(Illuminate\\Http\\Request), Object(Closure))
#17 C:\\OSPanel\\domains\\gator\\vendor\\laravel\\framework\\src\\Illuminate\\Routing\\Pipeline.php(53): Illuminate\\Pipeline\\Pipeline->Illuminate\\Pipeline\\{closure}(Object(Illuminate\\Http\\Request))
#18 C:\\OSPanel\\domains\\gator\\vendor\\laravel\\framework\\src\\Illuminate\\Session\\Middleware\\StartSession.php(56): Illuminate\\Routing\\Pipeline->Illuminate\\Routing\\{closure}(Object(Illuminate\\Http\\Request))
#19 C:\\OSPanel\\domains\\gator\\vendor\\laravel\\framework\\src\\Illuminate\\Pipeline\\Pipeline.php(163): Illuminate\\Session\\Middleware\\StartSession->handle(Object(Illuminate\\Http\\Request), Object(Closure))
#20 C:\\OSPanel\\domains\\gator\\vendor\\laravel\\framework\\src\\Illuminate\\Routing\\Pipeline.php(53): Illuminate\\Pipeline\\Pipeline->Illuminate\\Pipeline\\{closure}(Object(Illuminate\\Http\\Request))
#21 C:\\OSPanel\\domains\\gator\\vendor\\laravel\\framework\\src\\Illuminate\\Cookie\\Middleware\\AddQueuedCookiesToResponse.php(37): Illuminate\\Routing\\Pipeline->Illuminate\\Routing\\{closure}(Object(Illuminate\\Http\\Request))
#22 C:\\OSPanel\\domains\\gator\\vendor\\laravel\\framework\\src\\Illuminate\\Pipeline\\Pipeline.php(163): Illuminate\\Cookie\\Middleware\\AddQueuedCookiesToResponse->handle(Object(Illuminate\\Http\\Request), Object(Closure))
#23 C:\\OSPanel\\domains\\gator\\vendor\\laravel\\framework\\src\\Illuminate\\Routing\\Pipeline.php(53): Illuminate\\Pipeline\\Pipeline->Illuminate\\Pipeline\\{closure}(Object(Illuminate\\Http\\Request))
#24 C:\\OSPanel\\domains\\gator\\vendor\\laravel\\framework\\src\\Illuminate\\Cookie\\Middleware\\EncryptCookies.php(66): Illuminate\\Routing\\Pipeline->Illuminate\\Routing\\{closure}(Object(Illuminate\\Http\\Request))
#25 C:\\OSPanel\\domains\\gator\\vendor\\laravel\\framework\\src\\Illuminate\\Pipeline\\Pipeline.php(163): Illuminate\\Cookie\\Middleware\\EncryptCookies->handle(Object(Illuminate\\Http\\Request), Object(Closure))
#26 C:\\OSPanel\\domains\\gator\\vendor\\laravel\\framework\\src\\Illuminate\\Routing\\Pipeline.php(53): Illuminate\\Pipeline\\Pipeline->Illuminate\\Pipeline\\{closure}(Object(Illuminate\\Http\\Request))
#27 C:\\OSPanel\\domains\\gator\\vendor\\laravel\\framework\\src\\Illuminate\\Pipeline\\Pipeline.php(104): Illuminate\\Routing\\Pipeline->Illuminate\\Routing\\{closure}(Object(Illuminate\\Http\\Request))
#28 C:\\OSPanel\\domains\\gator\\vendor\\laravel\\framework\\src\\Illuminate\\Routing\\Router.php(682): Illuminate\\Pipeline\\Pipeline->then(Object(Closure))
#29 C:\\OSPanel\\domains\\gator\\vendor\\laravel\\framework\\src\\Illuminate\\Routing\\Router.php(657): Illuminate\\Routing\\Router->runRouteWithinStack(Object(Illuminate\\Routing\\Route), Object(Illuminate\\Http\\Request))
#30 C:\\OSPanel\\domains\\gator\\vendor\\laravel\\framework\\src\\Illuminate\\Routing\\Router.php(623): Illuminate\\Routing\\Router->runRoute(Object(Illuminate\\Http\\Request), Object(Illuminate\\Routing\\Route))
#31 C:\\OSPanel\\domains\\gator\\vendor\\laravel\\framework\\src\\Illuminate\\Routing\\Router.php(612): Illuminate\\Routing\\Router->dispatchToRoute(Object(Illuminate\\Http\\Request))
#32 C:\\OSPanel\\domains\\gator\\vendor\\laravel\\framework\\src\\Illuminate\\Foundation\\Http\\Kernel.php(176): Illuminate\\Routing\\Router->dispatch(Object(Illuminate\\Http\\Request))
#33 C:\\OSPanel\\domains\\gator\\vendor\\laravel\\framework\\src\\Illuminate\\Routing\\Pipeline.php(30): Illuminate\\Foundation\\Http\\Kernel->Illuminate\\Foundation\\Http\\{closure}(Object(Illuminate\\Http\\Request))
#34 C:\\OSPanel\\domains\\gator\\vendor\\fideloper\\proxy\\src\\TrustProxies.php(57): Illuminate\\Routing\\Pipeline->Illuminate\\Routing\\{closure}(Object(Illuminate\\Http\\Request))
#35 C:\\OSPanel\\domains\\gator\\vendor\\laravel\\framework\\src\\Illuminate\\Pipeline\\Pipeline.php(163): Fideloper\\Proxy\\TrustProxies->handle(Object(Illuminate\\Http\\Request), Object(Closure))
#36 C:\\OSPanel\\domains\\gator\\vendor\\laravel\\framework\\src\\Illuminate\\Routing\\Pipeline.php(53): Illuminate\\Pipeline\\Pipeline->Illuminate\\Pipeline\\{closure}(Object(Illuminate\\Http\\Request))
#37 C:\\OSPanel\\domains\\gator\\vendor\\laravel\\framework\\src\\Illuminate\\Foundation\\Http\\Middleware\\TransformsRequest.php(21): Illuminate\\Routing\\Pipeline->Illuminate\\Routing\\{closure}(Object(Illuminate\\Http\\Request))
#38 C:\\OSPanel\\domains\\gator\\vendor\\laravel\\framework\\src\\Illuminate\\Pipeline\\Pipeline.php(163): Illuminate\\Foundation\\Http\\Middleware\\TransformsRequest->handle(Object(Illuminate\\Http\\Request), Object(Closure))
#39 C:\\OSPanel\\domains\\gator\\vendor\\laravel\\framework\\src\\Illuminate\\Routing\\Pipeline.php(53): Illuminate\\Pipeline\\Pipeline->Illuminate\\Pipeline\\{closure}(Object(Illuminate\\Http\\Request))
#40 C:\\OSPanel\\domains\\gator\\vendor\\laravel\\framework\\src\\Illuminate\\Foundation\\Http\\Middleware\\TransformsRequest.php(21): Illuminate\\Routing\\Pipeline->Illuminate\\Routing\\{closure}(Object(Illuminate\\Http\\Request))
#41 C:\\OSPanel\\domains\\gator\\vendor\\laravel\\framework\\src\\Illuminate\\Pipeline\\Pipeline.php(163): Illuminate\\Foundation\\Http\\Middleware\\TransformsRequest->handle(Object(Illuminate\\Http\\Request), Object(Closure))
#42 C:\\OSPanel\\domains\\gator\\vendor\\laravel\\framework\\src\\Illuminate\\Routing\\Pipeline.php(53): Illuminate\\Pipeline\\Pipeline->Illuminate\\Pipeline\\{closure}(Object(Illuminate\\Http\\Request))
#43 C:\\OSPanel\\domains\\gator\\vendor\\laravel\\framework\\src\\Illuminate\\Foundation\\Http\\Middleware\\ValidatePostSize.php(27): Illuminate\\Routing\\Pipeline->Illuminate\\Routing\\{closure}(Object(Illuminate\\Http\\Request))
#44 C:\\OSPanel\\domains\\gator\\vendor\\laravel\\framework\\src\\Illuminate\\Pipeline\\Pipeline.php(163): Illuminate\\Foundation\\Http\\Middleware\\ValidatePostSize->handle(Object(Illuminate\\Http\\Request), Object(Closure))
#45 C:\\OSPanel\\domains\\gator\\vendor\\laravel\\framework\\src\\Illuminate\\Routing\\Pipeline.php(53): Illuminate\\Pipeline\\Pipeline->Illuminate\\Pipeline\\{closure}(Object(Illuminate\\Http\\Request))
#46 C:\\OSPanel\\domains\\gator\\vendor\\laravel\\framework\\src\\Illuminate\\Foundation\\Http\\Middleware\\CheckForMaintenanceMode.php(62): Illuminate\\Routing\\Pipeline->Illuminate\\Routing\\{closure}(Object(Illuminate\\Http\\Request))
#47 C:\\OSPanel\\domains\\gator\\vendor\\laravel\\framework\\src\\Illuminate\\Pipeline\\Pipeline.php(163): Illuminate\\Foundation\\Http\\Middleware\\CheckForMaintenanceMode->handle(Object(Illuminate\\Http\\Request), Object(Closure))
#48 C:\\OSPanel\\domains\\gator\\vendor\\laravel\\framework\\src\\Illuminate\\Routing\\Pipeline.php(53): Illuminate\\Pipeline\\Pipeline->Illuminate\\Pipeline\\{closure}(Object(Illuminate\\Http\\Request))
#49 C:\\OSPanel\\domains\\gator\\vendor\\laravel\\framework\\src\\Illuminate\\Pipeline\\Pipeline.php(104): Illuminate\\Routing\\Pipeline->Illuminate\\Routing\\{closure}(Object(Illuminate\\Http\\Request))
#50 C:\\OSPanel\\domains\\gator\\vendor\\laravel\\framework\\src\\Illuminate\\Foundation\\Http\\Kernel.php(151): Illuminate\\Pipeline\\Pipeline->then(Object(Closure))
#51 C:\\OSPanel\\domains\\gator\\vendor\\laravel\\framework\\src\\Illuminate\\Foundation\\Http\\Kernel.php(116): Illuminate\\Foundation\\Http\\Kernel->sendRequestThroughRouter(Object(Illuminate\\Http\\Request))
#52 C:\\OSPanel\\domains\\gator\\public\\index.php(55): Illuminate\\Foundation\\Http\\Kernel->handle(Object(Illuminate\\Http\\Request))
#53 {main}
"} 
[2019-05-12 01:07:13] local.ERROR: Declaration of App\Services\Combines\NineGag::filter(): array must be compatible with App\Services\Combines\Combine::filter(App\Services\HarvestItem $item): bool {"exception":"[object] (Symfony\\Component\\Debug\\Exception\\FatalErrorException(code: 64): Declaration of App\\Services\\Combines\\NineGag::filter(): array must be compatible with App\\Services\\Combines\\Combine::filter(App\\Services\\HarvestItem $item): bool at C:\\OSPanel\\domains\\gator\\app\\Services\\Combines\\NineGag.php:8)
[stacktrace]
#0 C:\\OSPanel\\domains\\gator\\vendor\\laravel\\framework\\src\\Illuminate\\Foundation\\Bootstrap\\HandleExceptions.php(137): Symfony\\Component\\Debug\\Exception\\FatalErrorException->__construct()
#1 C:\\OSPanel\\domains\\gator\\vendor\\laravel\\framework\\src\\Illuminate\\Foundation\\Bootstrap\\HandleExceptions.php(123): Illuminate\\Foundation\\Bootstrap\\HandleExceptions->fatalExceptionFromError()
#2 C:\\OSPanel\\domains\\gator\\vendor\\laravel\\framework\\src\\Illuminate\\Foundation\\Bootstrap\\HandleExceptions.php(0): Illuminate\\Foundation\\Bootstrap\\HandleExceptions->handleShutdown()
#3 C:\\OSPanel\\domains\\gator\\vendor\\composer\\ClassLoader.php(444): ()
#4 C:\\OSPanel\\domains\\gator\\vendor\\composer\\ClassLoader.php(322): Composer\\Autoload\\includeFile()
#5 C:\\OSPanel\\domains\\gator\\app\\Services\\Harvester.php(30): Composer\\Autoload\\ClassLoader->loadClass()
#6 C:\\OSPanel\\domains\\gator\\app\\Services\\Harvester.php(30): spl_autoload_call()
#7 C:\\OSPanel\\domains\\gator\\app\\Services\\Harvester.php(13): App\\Services\\Harvester->getCombine()
#8 C:\\OSPanel\\domains\\gator\\app\\Http\\Controllers\\Harvester.php(12): App\\Services\\Harvester->exec()
#9 C:\\OSPanel\\domains\\gator\\vendor\\laravel\\framework\\src\\Illuminate\\Routing\\Controller.php(54): App\\Http\\Controllers\\Harvester->exec()
#10 C:\\OSPanel\\domains\\gator\\vendor\\laravel\\framework\\src\\Illuminate\\Routing\\Controller.php(54): call_user_func_array:{C:\\OSPanel\\domains\\gator\\vendor\\laravel\\framework\\src\\Illuminate\\Routing\\Controller.php:54}()
#11 C:\\OSPanel\\domains\\gator\\vendor\\laravel\\framework\\src\\Illuminate\\Routing\\ControllerDispatcher.php(45): App\\Http\\Controllers\\Harvester->callAction()
#12 C:\\OSPanel\\domains\\gator\\vendor\\laravel\\framework\\src\\Illuminate\\Routing\\Route.php(219): Illuminate\\Routing\\ControllerDispatcher->dispatch()
#13 C:\\OSPanel\\domains\\gator\\vendor\\laravel\\framework\\src\\Illuminate\\Routing\\Route.php(176): Illuminate\\Routing\\Route->runController()
#14 C:\\OSPanel\\domains\\gator\\vendor\\laravel\\framework\\src\\Illuminate\\Routing\\Router.php(680): Illuminate\\Routing\\Route->run()
#15 C:\\OSPanel\\domains\\gator\\vendor\\laravel\\framework\\src\\Illuminate\\Routing\\Pipeline.php(30): Illuminate\\Routing\\Router->Illuminate\\Routing\\{closure:C:\\OSPanel\\domains\\gator\\vendor\\laravel\\framework\\src\\Illuminate\\Routing\\Router.php:678-682}()
#16 C:\\OSPanel\\domains\\gator\\vendor\\laravel\\framework\\src\\Illuminate\\Routing\\Middleware\\SubstituteBindings.php(41): Illuminate\\Routing\\Pipeline->Illuminate\\Routing\\{closure:C:\\OSPanel\\domains\\gator\\vendor\\laravel\\framework\\src\\Illuminate\\Routing\\Pipeline.php:28-36}()
#17 C:\\OSPanel\\domains\\gator\\vendor\\laravel\\framework\\src\\Illuminate\\Pipeline\\Pipeline.php(163): Illuminate\\Routing\\Middleware\\SubstituteBindings->handle()
#18 C:\\OSPanel\\domains\\gator\\vendor\\laravel\\framework\\src\\Illuminate\\Routing\\Pipeline.php(53): Illuminate\\Routing\\Pipeline->Illuminate\\Pipeline\\{closure:C:\\OSPanel\\domains\\gator\\vendor\\laravel\\framework\\src\\Illuminate\\Pipeline\\Pipeline.php:140-169}()
#19 C:\\OSPanel\\domains\\gator\\vendor\\laravel\\framework\\src\\Illuminate\\Foundation\\Http\\Middleware\\VerifyCsrfToken.php(75): Illuminate\\Routing\\Pipeline->Illuminate\\Routing\\{closure:C:\\OSPanel\\domains\\gator\\vendor\\laravel\\framework\\src\\Illuminate\\Routing\\Pipeline.php:47-59}()
#20 C:\\OSPanel\\domains\\gator\\vendor\\laravel\\framework\\src\\Illuminate\\Pipeline\\Pipeline.php(163): App\\Http\\Middleware\\VerifyCsrfToken->handle()
#21 C:\\OSPanel\\domains\\gator\\vendor\\laravel\\framework\\src\\Illuminate\\Routing\\Pipeline.php(53): Illuminate\\Routing\\Pipeline->Illuminate\\Pipeline\\{closure:C:\\OSPanel\\domains\\gator\\vendor\\laravel\\framework\\src\\Illuminate\\Pipeline\\Pipeline.php:140-169}()
#22 C:\\OSPanel\\domains\\gator\\vendor\\laravel\\framework\\src\\Illuminate\\View\\Middleware\\ShareErrorsFromSession.php(49): Illuminate\\Routing\\Pipeline->Illuminate\\Routing\\{closure:C:\\OSPanel\\domains\\gator\\vendor\\laravel\\framework\\src\\Illuminate\\Routing\\Pipeline.php:47-59}()
#23 C:\\OSPanel\\domains\\gator\\vendor\\laravel\\framework\\src\\Illuminate\\Pipeline\\Pipeline.php(163): Illuminate\\View\\Middleware\\ShareErrorsFromSession->handle()
#24 C:\\OSPanel\\domains\\gator\\vendor\\laravel\\framework\\src\\Illuminate\\Routing\\Pipeline.php(53): Illuminate\\Routing\\Pipeline->Illuminate\\Pipeline\\{closure:C:\\OSPanel\\domains\\gator\\vendor\\laravel\\framework\\src\\Illuminate\\Pipeline\\Pipeline.php:140-169}()
#25 C:\\OSPanel\\domains\\gator\\vendor\\laravel\\framework\\src\\Illuminate\\Session\\Middleware\\StartSession.php(56): Illuminate\\Routing\\Pipeline->Illuminate\\Routing\\{closure:C:\\OSPanel\\domains\\gator\\vendor\\laravel\\framework\\src\\Illuminate\\Routing\\Pipeline.php:47-59}()
#26 C:\\OSPanel\\domains\\gator\\vendor\\laravel\\framework\\src\\Illuminate\\Pipeline\\Pipeline.php(163): Illuminate\\Session\\Middleware\\StartSession->handle()
#27 C:\\OSPanel\\domains\\gator\\vendor\\laravel\\framework\\src\\Illuminate\\Routing\\Pipeline.php(53): Illuminate\\Routing\\Pipeline->Illuminate\\Pipeline\\{closure:C:\\OSPanel\\domains\\gator\\vendor\\laravel\\framework\\src\\Illuminate\\Pipeline\\Pipeline.php:140-169}()
#28 C:\\OSPanel\\domains\\gator\\vendor\\laravel\\framework\\src\\Illuminate\\Cookie\\Middleware\\AddQueuedCookiesToResponse.php(37): Illuminate\\Routing\\Pipeline->Illuminate\\Routing\\{closure:C:\\OSPanel\\domains\\gator\\vendor\\laravel\\framework\\src\\Illuminate\\Routing\\Pipeline.php:47-59}()
#29 C:\\OSPanel\\domains\\gator\\vendor\\laravel\\framework\\src\\Illuminate\\Pipeline\\Pipeline.php(163): Illuminate\\Cookie\\Middleware\\AddQueuedCookiesToResponse->handle()
#30 C:\\OSPanel\\domains\\gator\\vendor\\laravel\\framework\\src\\Illuminate\\Routing\\Pipeline.php(53): Illuminate\\Routing\\Pipeline->Illuminate\\Pipeline\\{closure:C:\\OSPanel\\domains\\gator\\vendor\\laravel\\framework\\src\\Illuminate\\Pipeline\\Pipeline.php:140-169}()
#31 C:\\OSPanel\\domains\\gator\\vendor\\laravel\\framework\\src\\Illuminate\\Cookie\\Middleware\\EncryptCookies.php(66): Illuminate\\Routing\\Pipeline->Illuminate\\Routing\\{closure:C:\\OSPanel\\domains\\gator\\vendor\\laravel\\framework\\src\\Illuminate\\Routing\\Pipeline.php:47-59}()
#32 C:\\OSPanel\\domains\\gator\\vendor\\laravel\\framework\\src\\Illuminate\\Pipeline\\Pipeline.php(163): App\\Http\\Middleware\\EncryptCookies->handle()
#33 C:\\OSPanel\\domains\\gator\\vendor\\laravel\\framework\\src\\Illuminate\\Routing\\Pipeline.php(53): Illuminate\\Routing\\Pipeline->Illuminate\\Pipeline\\{closure:C:\\OSPanel\\domains\\gator\\vendor\\laravel\\framework\\src\\Illuminate\\Pipeline\\Pipeline.php:140-169}()
#34 C:\\OSPanel\\domains\\gator\\vendor\\laravel\\framework\\src\\Illuminate\\Pipeline\\Pipeline.php(104): Illuminate\\Routing\\Pipeline->Illuminate\\Routing\\{closure:C:\\OSPanel\\domains\\gator\\vendor\\laravel\\framework\\src\\Illuminate\\Routing\\Pipeline.php:47-59}()
#35 C:\\OSPanel\\domains\\gator\\vendor\\laravel\\framework\\src\\Illuminate\\Routing\\Router.php(682): Illuminate\\Routing\\Pipeline->then()
#36 C:\\OSPanel\\domains\\gator\\vendor\\laravel\\framework\\src\\Illuminate\\Routing\\Router.php(657): Illuminate\\Routing\\Router->runRouteWithinStack()
#37 C:\\OSPanel\\domains\\gator\\vendor\\laravel\\framework\\src\\Illuminate\\Routing\\Router.php(623): Illuminate\\Routing\\Router->runRoute()
#38 C:\\OSPanel\\domains\\gator\\vendor\\laravel\\framework\\src\\Illuminate\\Routing\\Router.php(612): Illuminate\\Routing\\Router->dispatchToRoute()
#39 C:\\OSPanel\\domains\\gator\\vendor\\laravel\\framework\\src\\Illuminate\\Foundation\\Http\\Kernel.php(176): Illuminate\\Routing\\Router->dispatch()
#40 C:\\OSPanel\\domains\\gator\\vendor\\laravel\\framework\\src\\Illuminate\\Routing\\Pipeline.php(30): App\\Http\\Kernel->Illuminate\\Foundation\\Http\\{closure:C:\\OSPanel\\domains\\gator\\vendor\\laravel\\framework\\src\\Illuminate\\Foundation\\Http\\Kernel.php:173-177}()
#41 C:\\OSPanel\\domains\\gator\\vendor\\fideloper\\proxy\\src\\TrustProxies.php(57): Illuminate\\Routing\\Pipeline->Illuminate\\Routing\\{closure:C:\\OSPanel\\domains\\gator\\vendor\\laravel\\framework\\src\\Illuminate\\Routing\\Pipeline.php:28-36}()
#42 C:\\OSPanel\\domains\\gator\\vendor\\laravel\\framework\\src\\Illuminate\\Pipeline\\Pipeline.php(163): App\\Http\\Middleware\\TrustProxies->handle()
#43 C:\\OSPanel\\domains\\gator\\vendor\\laravel\\framework\\src\\Illuminate\\Routing\\Pipeline.php(53): Illuminate\\Routing\\Pipeline->Illuminate\\Pipeline\\{closure:C:\\OSPanel\\domains\\gator\\vendor\\laravel\\framework\\src\\Illuminate\\Pipeline\\Pipeline.php:140-169}()
#44 C:\\OSPanel\\domains\\gator\\vendor\\laravel\\framework\\src\\Illuminate\\Foundation\\Http\\Middleware\\TransformsRequest.php(21): Illuminate\\Routing\\Pipeline->Illuminate\\Routing\\{closure:C:\\OSPanel\\domains\\gator\\vendor\\laravel\\framework\\src\\Illuminate\\Routing\\Pipeline.php:47-59}()
#45 C:\\OSPanel\\domains\\gator\\vendor\\laravel\\framework\\src\\Illuminate\\Pipeline\\Pipeline.php(163): Illuminate\\Foundation\\Http\\Middleware\\ConvertEmptyStringsToNull->handle()
#46 C:\\OSPanel\\domains\\gator\\vendor\\laravel\\framework\\src\\Illuminate\\Routing\\Pipeline.php(53): Illuminate\\Routing\\Pipeline->Illuminate\\Pipeline\\{closure:C:\\OSPanel\\domains\\gator\\vendor\\laravel\\framework\\src\\Illuminate\\Pipeline\\Pipeline.php:140-169}()
#47 C:\\OSPanel\\domains\\gator\\vendor\\laravel\\framework\\src\\Illuminate\\Foundation\\Http\\Middleware\\TransformsRequest.php(21): Illuminate\\Routing\\Pipeline->Illuminate\\Routing\\{closure:C:\\OSPanel\\domains\\gator\\vendor\\laravel\\framework\\src\\Illuminate\\Routing\\Pipeline.php:47-59}()
#48 C:\\OSPanel\\domains\\gator\\vendor\\laravel\\framework\\src\\Illuminate\\Pipeline\\Pipeline.php(163): App\\Http\\Middleware\\TrimStrings->handle()
#49 C:\\OSPanel\\domains\\gator\\vendor\\laravel\\framework\\src\\Illuminate\\Routing\\Pipeline.php(53): Illuminate\\Routing\\Pipeline->Illuminate\\Pipeline\\{closure:C:\\OSPanel\\domains\\gator\\vendor\\laravel\\framework\\src\\Illuminate\\Pipeline\\Pipeline.php:140-169}()
#50 C:\\OSPanel\\domains\\gator\\vendor\\laravel\\framework\\src\\Illuminate\\Foundation\\Http\\Middleware\\ValidatePostSize.php(27): Illuminate\\Routing\\Pipeline->Illuminate\\Routing\\{closure:C:\\OSPanel\\domains\\gator\\vendor\\laravel\\framework\\src\\Illuminate\\Routing\\Pipeline.php:47-59}()
#51 C:\\OSPanel\\domains\\gator\\vendor\\laravel\\framework\\src\\Illuminate\\Pipeline\\Pipeline.php(163): Illuminate\\Foundation\\Http\\Middleware\\ValidatePostSize->handle()
#52 C:\\OSPanel\\domains\\gator\\vendor\\laravel\\framework\\src\\Illuminate\\Routing\\Pipeline.php(53): Illuminate\\Routing\\Pipeline->Illuminate\\Pipeline\\{closure:C:\\OSPanel\\domains\\gator\\vendor\\laravel\\framework\\src\\Illuminate\\Pipeline\\Pipeline.php:140-169}()
#53 C:\\OSPanel\\domains\\gator\\vendor\\laravel\\framework\\src\\Illuminate\\Foundation\\Http\\Middleware\\CheckForMaintenanceMode.php(62): Illuminate\\Routing\\Pipeline->Illuminate\\Routing\\{closure:C:\\OSPanel\\domains\\gator\\vendor\\laravel\\framework\\src\\Illuminate\\Routing\\Pipeline.php:47-59}()
#54 C:\\OSPanel\\domains\\gator\\vendor\\laravel\\framework\\src\\Illuminate\\Pipeline\\Pipeline.php(163): App\\Http\\Middleware\\CheckForMaintenanceMode->handle()
#55 C:\\OSPanel\\domains\\gator\\vendor\\laravel\\framework\\src\\Illuminate\\Routing\\Pipeline.php(53): Illuminate\\Routing\\Pipeline->Illuminate\\Pipeline\\{closure:C:\\OSPanel\\domains\\gator\\vendor\\laravel\\framework\\src\\Illuminate\\Pipeline\\Pipeline.php:140-169}()
#56 C:\\OSPanel\\domains\\gator\\vendor\\laravel\\framework\\src\\Illuminate\\Pipeline\\Pipeline.php(104): Illuminate\\Routing\\Pipeline->Illuminate\\Routing\\{closure:C:\\OSPanel\\domains\\gator\\vendor\\laravel\\framework\\src\\Illuminate\\Routing\\Pipeline.php:47-59}()
#57 C:\\OSPanel\\domains\\gator\\vendor\\laravel\\framework\\src\\Illuminate\\Foundation\\Http\\Kernel.php(151): Illuminate\\Routing\\Pipeline->then()
#58 C:\\OSPanel\\domains\\gator\\vendor\\laravel\\framework\\src\\Illuminate\\Foundation\\Http\\Kernel.php(116): App\\Http\\Kernel->sendRequestThroughRouter()
#59 C:\\OSPanel\\domains\\gator\\public\\index.php(55): App\\Http\\Kernel->handle()
#60 C:\\OSPanel\\domains\\gator\\public\\index.php(0): {main}()
#61 {main}
"} 
[2019-05-12 01:07:46] local.ERROR: Declaration of App\Services\Combines\NineGag::filter(): bool must be compatible with App\Services\Combines\Combine::filter(App\Services\HarvestItem $item): bool {"exception":"[object] (Symfony\\Component\\Debug\\Exception\\FatalErrorException(code: 64): Declaration of App\\Services\\Combines\\NineGag::filter(): bool must be compatible with App\\Services\\Combines\\Combine::filter(App\\Services\\HarvestItem $item): bool at C:\\OSPanel\\domains\\gator\\app\\Services\\Combines\\NineGag.php:9)
[stacktrace]
#0 C:\\OSPanel\\domains\\gator\\vendor\\laravel\\framework\\src\\Illuminate\\Foundation\\Bootstrap\\HandleExceptions.php(137): Symfony\\Component\\Debug\\Exception\\FatalErrorException->__construct()
#1 C:\\OSPanel\\domains\\gator\\vendor\\laravel\\framework\\src\\Illuminate\\Foundation\\Bootstrap\\HandleExceptions.php(123): Illuminate\\Foundation\\Bootstrap\\HandleExceptions->fatalExceptionFromError()
#2 C:\\OSPanel\\domains\\gator\\vendor\\laravel\\framework\\src\\Illuminate\\Foundation\\Bootstrap\\HandleExceptions.php(0): Illuminate\\Foundation\\Bootstrap\\HandleExceptions->handleShutdown()
#3 C:\\OSPanel\\domains\\gator\\vendor\\composer\\ClassLoader.php(444): ()
#4 C:\\OSPanel\\domains\\gator\\vendor\\composer\\ClassLoader.php(322): Composer\\Autoload\\includeFile()
#5 C:\\OSPanel\\domains\\gator\\app\\Services\\Harvester.php(30): Composer\\Autoload\\ClassLoader->loadClass()
#6 C:\\OSPanel\\domains\\gator\\app\\Services\\Harvester.php(30): spl_autoload_call()
#7 C:\\OSPanel\\domains\\gator\\app\\Services\\Harvester.php(13): App\\Services\\Harvester->getCombine()
#8 C:\\OSPanel\\domains\\gator\\app\\Http\\Controllers\\Harvester.php(12): App\\Services\\Harvester->exec()
#9 C:\\OSPanel\\domains\\gator\\vendor\\laravel\\framework\\src\\Illuminate\\Routing\\Controller.php(54): App\\Http\\Controllers\\Harvester->exec()
#10 C:\\OSPanel\\domains\\gator\\vendor\\laravel\\framework\\src\\Illuminate\\Routing\\Controller.php(54): call_user_func_array:{C:\\OSPanel\\domains\\gator\\vendor\\laravel\\framework\\src\\Illuminate\\Routing\\Controller.php:54}()
#11 C:\\OSPanel\\domains\\gator\\vendor\\laravel\\framework\\src\\Illuminate\\Routing\\ControllerDispatcher.php(45): App\\Http\\Controllers\\Harvester->callAction()
#12 C:\\OSPanel\\domains\\gator\\vendor\\laravel\\framework\\src\\Illuminate\\Routing\\Route.php(219): Illuminate\\Routing\\ControllerDispatcher->dispatch()
#13 C:\\OSPanel\\domains\\gator\\vendor\\laravel\\framework\\src\\Illuminate\\Routing\\Route.php(176): Illuminate\\Routing\\Route->runController()
#14 C:\\OSPanel\\domains\\gator\\vendor\\laravel\\framework\\src\\Illuminate\\Routing\\Router.php(680): Illuminate\\Routing\\Route->run()
#15 C:\\OSPanel\\domains\\gator\\vendor\\laravel\\framework\\src\\Illuminate\\Routing\\Pipeline.php(30): Illuminate\\Routing\\Router->Illuminate\\Routing\\{closure:C:\\OSPanel\\domains\\gator\\vendor\\laravel\\framework\\src\\Illuminate\\Routing\\Router.php:678-682}()
#16 C:\\OSPanel\\domains\\gator\\vendor\\laravel\\framework\\src\\Illuminate\\Routing\\Middleware\\SubstituteBindings.php(41): Illuminate\\Routing\\Pipeline->Illuminate\\Routing\\{closure:C:\\OSPanel\\domains\\gator\\vendor\\laravel\\framework\\src\\Illuminate\\Routing\\Pipeline.php:28-36}()
#17 C:\\OSPanel\\domains\\gator\\vendor\\laravel\\framework\\src\\Illuminate\\Pipeline\\Pipeline.php(163): Illuminate\\Routing\\Middleware\\SubstituteBindings->handle()
#18 C:\\OSPanel\\domains\\gator\\vendor\\laravel\\framework\\src\\Illuminate\\Routing\\Pipeline.php(53): Illuminate\\Routing\\Pipeline->Illuminate\\Pipeline\\{closure:C:\\OSPanel\\domains\\gator\\vendor\\laravel\\framework\\src\\Illuminate\\Pipeline\\Pipeline.php:140-169}()
#19 C:\\OSPanel\\domains\\gator\\vendor\\laravel\\framework\\src\\Illuminate\\Foundation\\Http\\Middleware\\VerifyCsrfToken.php(75): Illuminate\\Routing\\Pipeline->Illuminate\\Routing\\{closure:C:\\OSPanel\\domains\\gator\\vendor\\laravel\\framework\\src\\Illuminate\\Routing\\Pipeline.php:47-59}()
#20 C:\\OSPanel\\domains\\gator\\vendor\\laravel\\framework\\src\\Illuminate\\Pipeline\\Pipeline.php(163): App\\Http\\Middleware\\VerifyCsrfToken->handle()
#21 C:\\OSPanel\\domains\\gator\\vendor\\laravel\\framework\\src\\Illuminate\\Routing\\Pipeline.php(53): Illuminate\\Routing\\Pipeline->Illuminate\\Pipeline\\{closure:C:\\OSPanel\\domains\\gator\\vendor\\laravel\\framework\\src\\Illuminate\\Pipeline\\Pipeline.php:140-169}()
#22 C:\\OSPanel\\domains\\gator\\vendor\\laravel\\framework\\src\\Illuminate\\View\\Middleware\\ShareErrorsFromSession.php(49): Illuminate\\Routing\\Pipeline->Illuminate\\Routing\\{closure:C:\\OSPanel\\domains\\gator\\vendor\\laravel\\framework\\src\\Illuminate\\Routing\\Pipeline.php:47-59}()
#23 C:\\OSPanel\\domains\\gator\\vendor\\laravel\\framework\\src\\Illuminate\\Pipeline\\Pipeline.php(163): Illuminate\\View\\Middleware\\ShareErrorsFromSession->handle()
#24 C:\\OSPanel\\domains\\gator\\vendor\\laravel\\framework\\src\\Illuminate\\Routing\\Pipeline.php(53): Illuminate\\Routing\\Pipeline->Illuminate\\Pipeline\\{closure:C:\\OSPanel\\domains\\gator\\vendor\\laravel\\framework\\src\\Illuminate\\Pipeline\\Pipeline.php:140-169}()
#25 C:\\OSPanel\\domains\\gator\\vendor\\laravel\\framework\\src\\Illuminate\\Session\\Middleware\\StartSession.php(56): Illuminate\\Routing\\Pipeline->Illuminate\\Routing\\{closure:C:\\OSPanel\\domains\\gator\\vendor\\laravel\\framework\\src\\Illuminate\\Routing\\Pipeline.php:47-59}()
#26 C:\\OSPanel\\domains\\gator\\vendor\\laravel\\framework\\src\\Illuminate\\Pipeline\\Pipeline.php(163): Illuminate\\Session\\Middleware\\StartSession->handle()
#27 C:\\OSPanel\\domains\\gator\\vendor\\laravel\\framework\\src\\Illuminate\\Routing\\Pipeline.php(53): Illuminate\\Routing\\Pipeline->Illuminate\\Pipeline\\{closure:C:\\OSPanel\\domains\\gator\\vendor\\laravel\\framework\\src\\Illuminate\\Pipeline\\Pipeline.php:140-169}()
#28 C:\\OSPanel\\domains\\gator\\vendor\\laravel\\framework\\src\\Illuminate\\Cookie\\Middleware\\AddQueuedCookiesToResponse.php(37): Illuminate\\Routing\\Pipeline->Illuminate\\Routing\\{closure:C:\\OSPanel\\domains\\gator\\vendor\\laravel\\framework\\src\\Illuminate\\Routing\\Pipeline.php:47-59}()
#29 C:\\OSPanel\\domains\\gator\\vendor\\laravel\\framework\\src\\Illuminate\\Pipeline\\Pipeline.php(163): Illuminate\\Cookie\\Middleware\\AddQueuedCookiesToResponse->handle()
#30 C:\\OSPanel\\domains\\gator\\vendor\\laravel\\framework\\src\\Illuminate\\Routing\\Pipeline.php(53): Illuminate\\Routing\\Pipeline->Illuminate\\Pipeline\\{closure:C:\\OSPanel\\domains\\gator\\vendor\\laravel\\framework\\src\\Illuminate\\Pipeline\\Pipeline.php:140-169}()
#31 C:\\OSPanel\\domains\\gator\\vendor\\laravel\\framework\\src\\Illuminate\\Cookie\\Middleware\\EncryptCookies.php(66): Illuminate\\Routing\\Pipeline->Illuminate\\Routing\\{closure:C:\\OSPanel\\domains\\gator\\vendor\\laravel\\framework\\src\\Illuminate\\Routing\\Pipeline.php:47-59}()
#32 C:\\OSPanel\\domains\\gator\\vendor\\laravel\\framework\\src\\Illuminate\\Pipeline\\Pipeline.php(163): App\\Http\\Middleware\\EncryptCookies->handle()
#33 C:\\OSPanel\\domains\\gator\\vendor\\laravel\\framework\\src\\Illuminate\\Routing\\Pipeline.php(53): Illuminate\\Routing\\Pipeline->Illuminate\\Pipeline\\{closure:C:\\OSPanel\\domains\\gator\\vendor\\laravel\\framework\\src\\Illuminate\\Pipeline\\Pipeline.php:140-169}()
#34 C:\\OSPanel\\domains\\gator\\vendor\\laravel\\framework\\src\\Illuminate\\Pipeline\\Pipeline.php(104): Illuminate\\Routing\\Pipeline->Illuminate\\Routing\\{closure:C:\\OSPanel\\domains\\gator\\vendor\\laravel\\framework\\src\\Illuminate\\Routing\\Pipeline.php:47-59}()
#35 C:\\OSPanel\\domains\\gator\\vendor\\laravel\\framework\\src\\Illuminate\\Routing\\Router.php(682): Illuminate\\Routing\\Pipeline->then()
#36 C:\\OSPanel\\domains\\gator\\vendor\\laravel\\framework\\src\\Illuminate\\Routing\\Router.php(657): Illuminate\\Routing\\Router->runRouteWithinStack()
#37 C:\\OSPanel\\domains\\gator\\vendor\\laravel\\framework\\src\\Illuminate\\Routing\\Router.php(623): Illuminate\\Routing\\Router->runRoute()
#38 C:\\OSPanel\\domains\\gator\\vendor\\laravel\\framework\\src\\Illuminate\\Routing\\Router.php(612): Illuminate\\Routing\\Router->dispatchToRoute()
#39 C:\\OSPanel\\domains\\gator\\vendor\\laravel\\framework\\src\\Illuminate\\Foundation\\Http\\Kernel.php(176): Illuminate\\Routing\\Router->dispatch()
#40 C:\\OSPanel\\domains\\gator\\vendor\\laravel\\framework\\src\\Illuminate\\Routing\\Pipeline.php(30): App\\Http\\Kernel->Illuminate\\Foundation\\Http\\{closure:C:\\OSPanel\\domains\\gator\\vendor\\laravel\\framework\\src\\Illuminate\\Foundation\\Http\\Kernel.php:173-177}()
#41 C:\\OSPanel\\domains\\gator\\vendor\\fideloper\\proxy\\src\\TrustProxies.php(57): Illuminate\\Routing\\Pipeline->Illuminate\\Routing\\{closure:C:\\OSPanel\\domains\\gator\\vendor\\laravel\\framework\\src\\Illuminate\\Routing\\Pipeline.php:28-36}()
#42 C:\\OSPanel\\domains\\gator\\vendor\\laravel\\framework\\src\\Illuminate\\Pipeline\\Pipeline.php(163): App\\Http\\Middleware\\TrustProxies->handle()
#43 C:\\OSPanel\\domains\\gator\\vendor\\laravel\\framework\\src\\Illuminate\\Routing\\Pipeline.php(53): Illuminate\\Routing\\Pipeline->Illuminate\\Pipeline\\{closure:C:\\OSPanel\\domains\\gator\\vendor\\laravel\\framework\\src\\Illuminate\\Pipeline\\Pipeline.php:140-169}()
#44 C:\\OSPanel\\domains\\gator\\vendor\\laravel\\framework\\src\\Illuminate\\Foundation\\Http\\Middleware\\TransformsRequest.php(21): Illuminate\\Routing\\Pipeline->Illuminate\\Routing\\{closure:C:\\OSPanel\\domains\\gator\\vendor\\laravel\\framework\\src\\Illuminate\\Routing\\Pipeline.php:47-59}()
#45 C:\\OSPanel\\domains\\gator\\vendor\\laravel\\framework\\src\\Illuminate\\Pipeline\\Pipeline.php(163): Illuminate\\Foundation\\Http\\Middleware\\ConvertEmptyStringsToNull->handle()
#46 C:\\OSPanel\\domains\\gator\\vendor\\laravel\\framework\\src\\Illuminate\\Routing\\Pipeline.php(53): Illuminate\\Routing\\Pipeline->Illuminate\\Pipeline\\{closure:C:\\OSPanel\\domains\\gator\\vendor\\laravel\\framework\\src\\Illuminate\\Pipeline\\Pipeline.php:140-169}()
#47 C:\\OSPanel\\domains\\gator\\vendor\\laravel\\framework\\src\\Illuminate\\Foundation\\Http\\Middleware\\TransformsRequest.php(21): Illuminate\\Routing\\Pipeline->Illuminate\\Routing\\{closure:C:\\OSPanel\\domains\\gator\\vendor\\laravel\\framework\\src\\Illuminate\\Routing\\Pipeline.php:47-59}()
#48 C:\\OSPanel\\domains\\gator\\vendor\\laravel\\framework\\src\\Illuminate\\Pipeline\\Pipeline.php(163): App\\Http\\Middleware\\TrimStrings->handle()
#49 C:\\OSPanel\\domains\\gator\\vendor\\laravel\\framework\\src\\Illuminate\\Routing\\Pipeline.php(53): Illuminate\\Routing\\Pipeline->Illuminate\\Pipeline\\{closure:C:\\OSPanel\\domains\\gator\\vendor\\laravel\\framework\\src\\Illuminate\\Pipeline\\Pipeline.php:140-169}()
#50 C:\\OSPanel\\domains\\gator\\vendor\\laravel\\framework\\src\\Illuminate\\Foundation\\Http\\Middleware\\ValidatePostSize.php(27): Illuminate\\Routing\\Pipeline->Illuminate\\Routing\\{closure:C:\\OSPanel\\domains\\gator\\vendor\\laravel\\framework\\src\\Illuminate\\Routing\\Pipeline.php:47-59}()
#51 C:\\OSPanel\\domains\\gator\\vendor\\laravel\\framework\\src\\Illuminate\\Pipeline\\Pipeline.php(163): Illuminate\\Foundation\\Http\\Middleware\\ValidatePostSize->handle()
#52 C:\\OSPanel\\domains\\gator\\vendor\\laravel\\framework\\src\\Illuminate\\Routing\\Pipeline.php(53): Illuminate\\Routing\\Pipeline->Illuminate\\Pipeline\\{closure:C:\\OSPanel\\domains\\gator\\vendor\\laravel\\framework\\src\\Illuminate\\Pipeline\\Pipeline.php:140-169}()
#53 C:\\OSPanel\\domains\\gator\\vendor\\laravel\\framework\\src\\Illuminate\\Foundation\\Http\\Middleware\\CheckForMaintenanceMode.php(62): Illuminate\\Routing\\Pipeline->Illuminate\\Routing\\{closure:C:\\OSPanel\\domains\\gator\\vendor\\laravel\\framework\\src\\Illuminate\\Routing\\Pipeline.php:47-59}()
#54 C:\\OSPanel\\domains\\gator\\vendor\\laravel\\framework\\src\\Illuminate\\Pipeline\\Pipeline.php(163): App\\Http\\Middleware\\CheckForMaintenanceMode->handle()
#55 C:\\OSPanel\\domains\\gator\\vendor\\laravel\\framework\\src\\Illuminate\\Routing\\Pipeline.php(53): Illuminate\\Routing\\Pipeline->Illuminate\\Pipeline\\{closure:C:\\OSPanel\\domains\\gator\\vendor\\laravel\\framework\\src\\Illuminate\\Pipeline\\Pipeline.php:140-169}()
#56 C:\\OSPanel\\domains\\gator\\vendor\\laravel\\framework\\src\\Illuminate\\Pipeline\\Pipeline.php(104): Illuminate\\Routing\\Pipeline->Illuminate\\Routing\\{closure:C:\\OSPanel\\domains\\gator\\vendor\\laravel\\framework\\src\\Illuminate\\Routing\\Pipeline.php:47-59}()
#57 C:\\OSPanel\\domains\\gator\\vendor\\laravel\\framework\\src\\Illuminate\\Foundation\\Http\\Kernel.php(151): Illuminate\\Routing\\Pipeline->then()
#58 C:\\OSPanel\\domains\\gator\\vendor\\laravel\\framework\\src\\Illuminate\\Foundation\\Http\\Kernel.php(116): App\\Http\\Kernel->sendRequestThroughRouter()
#59 C:\\OSPanel\\domains\\gator\\public\\index.php(55): App\\Http\\Kernel->handle()
#60 C:\\OSPanel\\domains\\gator\\public\\index.php(0): {main}()
#61 {main}
"} 
[2019-05-12 01:08:10] local.ERROR: Return value of App\Services\Combines\NineGag::format() must be of the type array, object returned {"exception":"[object] (Symfony\\Component\\Debug\\Exception\\FatalThrowableError(code: 0): Return value of App\\Services\\Combines\\NineGag::format() must be of the type array, object returned at C:\\OSPanel\\domains\\gator\\app\\Services\\Combines\\NineGag.php:25)
[stacktrace]
#0 C:\\OSPanel\\domains\\gator\\app\\Services\\Harvester.php(14): App\\Services\\Combines\\NineGag->format(Object(stdClass))
#1 C:\\OSPanel\\domains\\gator\\app\\Http\\Controllers\\Harvester.php(12): App\\Services\\Harvester->exec('[{\"id\":\"aeryDoQ...')
#2 [internal function]: App\\Http\\Controllers\\Harvester->exec(Object(App\\Services\\Harvester))
#3 C:\\OSPanel\\domains\\gator\\vendor\\laravel\\framework\\src\\Illuminate\\Routing\\Controller.php(54): call_user_func_array(Array, Array)
#4 C:\\OSPanel\\domains\\gator\\vendor\\laravel\\framework\\src\\Illuminate\\Routing\\ControllerDispatcher.php(45): Illuminate\\Routing\\Controller->callAction('exec', Array)
#5 C:\\OSPanel\\domains\\gator\\vendor\\laravel\\framework\\src\\Illuminate\\Routing\\Route.php(219): Illuminate\\Routing\\ControllerDispatcher->dispatch(Object(Illuminate\\Routing\\Route), Object(App\\Http\\Controllers\\Harvester), 'exec')
#6 C:\\OSPanel\\domains\\gator\\vendor\\laravel\\framework\\src\\Illuminate\\Routing\\Route.php(176): Illuminate\\Routing\\Route->runController()
#7 C:\\OSPanel\\domains\\gator\\vendor\\laravel\\framework\\src\\Illuminate\\Routing\\Router.php(680): Illuminate\\Routing\\Route->run()
#8 C:\\OSPanel\\domains\\gator\\vendor\\laravel\\framework\\src\\Illuminate\\Routing\\Pipeline.php(30): Illuminate\\Routing\\Router->Illuminate\\Routing\\{closure}(Object(Illuminate\\Http\\Request))
#9 C:\\OSPanel\\domains\\gator\\vendor\\laravel\\framework\\src\\Illuminate\\Routing\\Middleware\\SubstituteBindings.php(41): Illuminate\\Routing\\Pipeline->Illuminate\\Routing\\{closure}(Object(Illuminate\\Http\\Request))
#10 C:\\OSPanel\\domains\\gator\\vendor\\laravel\\framework\\src\\Illuminate\\Pipeline\\Pipeline.php(163): Illuminate\\Routing\\Middleware\\SubstituteBindings->handle(Object(Illuminate\\Http\\Request), Object(Closure))
#11 C:\\OSPanel\\domains\\gator\\vendor\\laravel\\framework\\src\\Illuminate\\Routing\\Pipeline.php(53): Illuminate\\Pipeline\\Pipeline->Illuminate\\Pipeline\\{closure}(Object(Illuminate\\Http\\Request))
#12 C:\\OSPanel\\domains\\gator\\vendor\\laravel\\framework\\src\\Illuminate\\Foundation\\Http\\Middleware\\VerifyCsrfToken.php(75): Illuminate\\Routing\\Pipeline->Illuminate\\Routing\\{closure}(Object(Illuminate\\Http\\Request))
#13 C:\\OSPanel\\domains\\gator\\vendor\\laravel\\framework\\src\\Illuminate\\Pipeline\\Pipeline.php(163): Illuminate\\Foundation\\Http\\Middleware\\VerifyCsrfToken->handle(Object(Illuminate\\Http\\Request), Object(Closure))
#14 C:\\OSPanel\\domains\\gator\\vendor\\laravel\\framework\\src\\Illuminate\\Routing\\Pipeline.php(53): Illuminate\\Pipeline\\Pipeline->Illuminate\\Pipeline\\{closure}(Object(Illuminate\\Http\\Request))
#15 C:\\OSPanel\\domains\\gator\\vendor\\laravel\\framework\\src\\Illuminate\\View\\Middleware\\ShareErrorsFromSession.php(49): Illuminate\\Routing\\Pipeline->Illuminate\\Routing\\{closure}(Object(Illuminate\\Http\\Request))
#16 C:\\OSPanel\\domains\\gator\\vendor\\laravel\\framework\\src\\Illuminate\\Pipeline\\Pipeline.php(163): Illuminate\\View\\Middleware\\ShareErrorsFromSession->handle(Object(Illuminate\\Http\\Request), Object(Closure))
#17 C:\\OSPanel\\domains\\gator\\vendor\\laravel\\framework\\src\\Illuminate\\Routing\\Pipeline.php(53): Illuminate\\Pipeline\\Pipeline->Illuminate\\Pipeline\\{closure}(Object(Illuminate\\Http\\Request))
#18 C:\\OSPanel\\domains\\gator\\vendor\\laravel\\framework\\src\\Illuminate\\Session\\Middleware\\StartSession.php(56): Illuminate\\Routing\\Pipeline->Illuminate\\Routing\\{closure}(Object(Illuminate\\Http\\Request))
#19 C:\\OSPanel\\domains\\gator\\vendor\\laravel\\framework\\src\\Illuminate\\Pipeline\\Pipeline.php(163): Illuminate\\Session\\Middleware\\StartSession->handle(Object(Illuminate\\Http\\Request), Object(Closure))
#20 C:\\OSPanel\\domains\\gator\\vendor\\laravel\\framework\\src\\Illuminate\\Routing\\Pipeline.php(53): Illuminate\\Pipeline\\Pipeline->Illuminate\\Pipeline\\{closure}(Object(Illuminate\\Http\\Request))
#21 C:\\OSPanel\\domains\\gator\\vendor\\laravel\\framework\\src\\Illuminate\\Cookie\\Middleware\\AddQueuedCookiesToResponse.php(37): Illuminate\\Routing\\Pipeline->Illuminate\\Routing\\{closure}(Object(Illuminate\\Http\\Request))
#22 C:\\OSPanel\\domains\\gator\\vendor\\laravel\\framework\\src\\Illuminate\\Pipeline\\Pipeline.php(163): Illuminate\\Cookie\\Middleware\\AddQueuedCookiesToResponse->handle(Object(Illuminate\\Http\\Request), Object(Closure))
#23 C:\\OSPanel\\domains\\gator\\vendor\\laravel\\framework\\src\\Illuminate\\Routing\\Pipeline.php(53): Illuminate\\Pipeline\\Pipeline->Illuminate\\Pipeline\\{closure}(Object(Illuminate\\Http\\Request))
#24 C:\\OSPanel\\domains\\gator\\vendor\\laravel\\framework\\src\\Illuminate\\Cookie\\Middleware\\EncryptCookies.php(66): Illuminate\\Routing\\Pipeline->Illuminate\\Routing\\{closure}(Object(Illuminate\\Http\\Request))
#25 C:\\OSPanel\\domains\\gator\\vendor\\laravel\\framework\\src\\Illuminate\\Pipeline\\Pipeline.php(163): Illuminate\\Cookie\\Middleware\\EncryptCookies->handle(Object(Illuminate\\Http\\Request), Object(Closure))
#26 C:\\OSPanel\\domains\\gator\\vendor\\laravel\\framework\\src\\Illuminate\\Routing\\Pipeline.php(53): Illuminate\\Pipeline\\Pipeline->Illuminate\\Pipeline\\{closure}(Object(Illuminate\\Http\\Request))
#27 C:\\OSPanel\\domains\\gator\\vendor\\laravel\\framework\\src\\Illuminate\\Pipeline\\Pipeline.php(104): Illuminate\\Routing\\Pipeline->Illuminate\\Routing\\{closure}(Object(Illuminate\\Http\\Request))
#28 C:\\OSPanel\\domains\\gator\\vendor\\laravel\\framework\\src\\Illuminate\\Routing\\Router.php(682): Illuminate\\Pipeline\\Pipeline->then(Object(Closure))
#29 C:\\OSPanel\\domains\\gator\\vendor\\laravel\\framework\\src\\Illuminate\\Routing\\Router.php(657): Illuminate\\Routing\\Router->runRouteWithinStack(Object(Illuminate\\Routing\\Route), Object(Illuminate\\Http\\Request))
#30 C:\\OSPanel\\domains\\gator\\vendor\\laravel\\framework\\src\\Illuminate\\Routing\\Router.php(623): Illuminate\\Routing\\Router->runRoute(Object(Illuminate\\Http\\Request), Object(Illuminate\\Routing\\Route))
#31 C:\\OSPanel\\domains\\gator\\vendor\\laravel\\framework\\src\\Illuminate\\Routing\\Router.php(612): Illuminate\\Routing\\Router->dispatchToRoute(Object(Illuminate\\Http\\Request))
#32 C:\\OSPanel\\domains\\gator\\vendor\\laravel\\framework\\src\\Illuminate\\Foundation\\Http\\Kernel.php(176): Illuminate\\Routing\\Router->dispatch(Object(Illuminate\\Http\\Request))
#33 C:\\OSPanel\\domains\\gator\\vendor\\laravel\\framework\\src\\Illuminate\\Routing\\Pipeline.php(30): Illuminate\\Foundation\\Http\\Kernel->Illuminate\\Foundation\\Http\\{closure}(Object(Illuminate\\Http\\Request))
#34 C:\\OSPanel\\domains\\gator\\vendor\\fideloper\\proxy\\src\\TrustProxies.php(57): Illuminate\\Routing\\Pipeline->Illuminate\\Routing\\{closure}(Object(Illuminate\\Http\\Request))
#35 C:\\OSPanel\\domains\\gator\\vendor\\laravel\\framework\\src\\Illuminate\\Pipeline\\Pipeline.php(163): Fideloper\\Proxy\\TrustProxies->handle(Object(Illuminate\\Http\\Request), Object(Closure))
#36 C:\\OSPanel\\domains\\gator\\vendor\\laravel\\framework\\src\\Illuminate\\Routing\\Pipeline.php(53): Illuminate\\Pipeline\\Pipeline->Illuminate\\Pipeline\\{closure}(Object(Illuminate\\Http\\Request))
#37 C:\\OSPanel\\domains\\gator\\vendor\\laravel\\framework\\src\\Illuminate\\Foundation\\Http\\Middleware\\TransformsRequest.php(21): Illuminate\\Routing\\Pipeline->Illuminate\\Routing\\{closure}(Object(Illuminate\\Http\\Request))
#38 C:\\OSPanel\\domains\\gator\\vendor\\laravel\\framework\\src\\Illuminate\\Pipeline\\Pipeline.php(163): Illuminate\\Foundation\\Http\\Middleware\\TransformsRequest->handle(Object(Illuminate\\Http\\Request), Object(Closure))
#39 C:\\OSPanel\\domains\\gator\\vendor\\laravel\\framework\\src\\Illuminate\\Routing\\Pipeline.php(53): Illuminate\\Pipeline\\Pipeline->Illuminate\\Pipeline\\{closure}(Object(Illuminate\\Http\\Request))
#40 C:\\OSPanel\\domains\\gator\\vendor\\laravel\\framework\\src\\Illuminate\\Foundation\\Http\\Middleware\\TransformsRequest.php(21): Illuminate\\Routing\\Pipeline->Illuminate\\Routing\\{closure}(Object(Illuminate\\Http\\Request))
#41 C:\\OSPanel\\domains\\gator\\vendor\\laravel\\framework\\src\\Illuminate\\Pipeline\\Pipeline.php(163): Illuminate\\Foundation\\Http\\Middleware\\TransformsRequest->handle(Object(Illuminate\\Http\\Request), Object(Closure))
#42 C:\\OSPanel\\domains\\gator\\vendor\\laravel\\framework\\src\\Illuminate\\Routing\\Pipeline.php(53): Illuminate\\Pipeline\\Pipeline->Illuminate\\Pipeline\\{closure}(Object(Illuminate\\Http\\Request))
#43 C:\\OSPanel\\domains\\gator\\vendor\\laravel\\framework\\src\\Illuminate\\Foundation\\Http\\Middleware\\ValidatePostSize.php(27): Illuminate\\Routing\\Pipeline->Illuminate\\Routing\\{closure}(Object(Illuminate\\Http\\Request))
#44 C:\\OSPanel\\domains\\gator\\vendor\\laravel\\framework\\src\\Illuminate\\Pipeline\\Pipeline.php(163): Illuminate\\Foundation\\Http\\Middleware\\ValidatePostSize->handle(Object(Illuminate\\Http\\Request), Object(Closure))
#45 C:\\OSPanel\\domains\\gator\\vendor\\laravel\\framework\\src\\Illuminate\\Routing\\Pipeline.php(53): Illuminate\\Pipeline\\Pipeline->Illuminate\\Pipeline\\{closure}(Object(Illuminate\\Http\\Request))
#46 C:\\OSPanel\\domains\\gator\\vendor\\laravel\\framework\\src\\Illuminate\\Foundation\\Http\\Middleware\\CheckForMaintenanceMode.php(62): Illuminate\\Routing\\Pipeline->Illuminate\\Routing\\{closure}(Object(Illuminate\\Http\\Request))
#47 C:\\OSPanel\\domains\\gator\\vendor\\laravel\\framework\\src\\Illuminate\\Pipeline\\Pipeline.php(163): Illuminate\\Foundation\\Http\\Middleware\\CheckForMaintenanceMode->handle(Object(Illuminate\\Http\\Request), Object(Closure))
#48 C:\\OSPanel\\domains\\gator\\vendor\\laravel\\framework\\src\\Illuminate\\Routing\\Pipeline.php(53): Illuminate\\Pipeline\\Pipeline->Illuminate\\Pipeline\\{closure}(Object(Illuminate\\Http\\Request))
#49 C:\\OSPanel\\domains\\gator\\vendor\\laravel\\framework\\src\\Illuminate\\Pipeline\\Pipeline.php(104): Illuminate\\Routing\\Pipeline->Illuminate\\Routing\\{closure}(Object(Illuminate\\Http\\Request))
#50 C:\\OSPanel\\domains\\gator\\vendor\\laravel\\framework\\src\\Illuminate\\Foundation\\Http\\Kernel.php(151): Illuminate\\Pipeline\\Pipeline->then(Object(Closure))
#51 C:\\OSPanel\\domains\\gator\\vendor\\laravel\\framework\\src\\Illuminate\\Foundation\\Http\\Kernel.php(116): Illuminate\\Foundation\\Http\\Kernel->sendRequestThroughRouter(Object(Illuminate\\Http\\Request))
#52 C:\\OSPanel\\domains\\gator\\public\\index.php(55): Illuminate\\Foundation\\Http\\Kernel->handle(Object(Illuminate\\Http\\Request))
#53 {main}
"} 
[2019-05-12 01:30:34] local.ERROR: Return value of App\Services\Combines\NineGag::save() must be an instance of App\Models\Post, none returned {"exception":"[object] (Symfony\\Component\\Debug\\Exception\\FatalThrowableError(code: 0): Return value of App\\Services\\Combines\\NineGag::save() must be an instance of App\\Models\\Post, none returned at C:\\OSPanel\\domains\\gator\\app\\Services\\Combines\\NineGag.php:46)
[stacktrace]
#0 C:\\OSPanel\\domains\\gator\\app\\Services\\Harvester.php(16): App\\Services\\Combines\\NineGag->save(Object(App\\Services\\HarvestItem))
#1 C:\\OSPanel\\domains\\gator\\app\\Http\\Controllers\\Harvester.php(12): App\\Services\\Harvester->exec('[{\"id\":\"aXYQoAD...')
#2 [internal function]: App\\Http\\Controllers\\Harvester->exec(Object(App\\Services\\Harvester))
#3 C:\\OSPanel\\domains\\gator\\vendor\\laravel\\framework\\src\\Illuminate\\Routing\\Controller.php(54): call_user_func_array(Array, Array)
#4 C:\\OSPanel\\domains\\gator\\vendor\\laravel\\framework\\src\\Illuminate\\Routing\\ControllerDispatcher.php(45): Illuminate\\Routing\\Controller->callAction('exec', Array)
#5 C:\\OSPanel\\domains\\gator\\vendor\\laravel\\framework\\src\\Illuminate\\Routing\\Route.php(219): Illuminate\\Routing\\ControllerDispatcher->dispatch(Object(Illuminate\\Routing\\Route), Object(App\\Http\\Controllers\\Harvester), 'exec')
#6 C:\\OSPanel\\domains\\gator\\vendor\\laravel\\framework\\src\\Illuminate\\Routing\\Route.php(176): Illuminate\\Routing\\Route->runController()
#7 C:\\OSPanel\\domains\\gator\\vendor\\laravel\\framework\\src\\Illuminate\\Routing\\Router.php(680): Illuminate\\Routing\\Route->run()
#8 C:\\OSPanel\\domains\\gator\\vendor\\laravel\\framework\\src\\Illuminate\\Routing\\Pipeline.php(30): Illuminate\\Routing\\Router->Illuminate\\Routing\\{closure}(Object(Illuminate\\Http\\Request))
#9 C:\\OSPanel\\domains\\gator\\vendor\\laravel\\framework\\src\\Illuminate\\Routing\\Middleware\\SubstituteBindings.php(41): Illuminate\\Routing\\Pipeline->Illuminate\\Routing\\{closure}(Object(Illuminate\\Http\\Request))
#10 C:\\OSPanel\\domains\\gator\\vendor\\laravel\\framework\\src\\Illuminate\\Pipeline\\Pipeline.php(163): Illuminate\\Routing\\Middleware\\SubstituteBindings->handle(Object(Illuminate\\Http\\Request), Object(Closure))
#11 C:\\OSPanel\\domains\\gator\\vendor\\laravel\\framework\\src\\Illuminate\\Routing\\Pipeline.php(53): Illuminate\\Pipeline\\Pipeline->Illuminate\\Pipeline\\{closure}(Object(Illuminate\\Http\\Request))
#12 C:\\OSPanel\\domains\\gator\\vendor\\laravel\\framework\\src\\Illuminate\\Foundation\\Http\\Middleware\\VerifyCsrfToken.php(75): Illuminate\\Routing\\Pipeline->Illuminate\\Routing\\{closure}(Object(Illuminate\\Http\\Request))
#13 C:\\OSPanel\\domains\\gator\\vendor\\laravel\\framework\\src\\Illuminate\\Pipeline\\Pipeline.php(163): Illuminate\\Foundation\\Http\\Middleware\\VerifyCsrfToken->handle(Object(Illuminate\\Http\\Request), Object(Closure))
#14 C:\\OSPanel\\domains\\gator\\vendor\\laravel\\framework\\src\\Illuminate\\Routing\\Pipeline.php(53): Illuminate\\Pipeline\\Pipeline->Illuminate\\Pipeline\\{closure}(Object(Illuminate\\Http\\Request))
#15 C:\\OSPanel\\domains\\gator\\vendor\\laravel\\framework\\src\\Illuminate\\View\\Middleware\\ShareErrorsFromSession.php(49): Illuminate\\Routing\\Pipeline->Illuminate\\Routing\\{closure}(Object(Illuminate\\Http\\Request))
#16 C:\\OSPanel\\domains\\gator\\vendor\\laravel\\framework\\src\\Illuminate\\Pipeline\\Pipeline.php(163): Illuminate\\View\\Middleware\\ShareErrorsFromSession->handle(Object(Illuminate\\Http\\Request), Object(Closure))
#17 C:\\OSPanel\\domains\\gator\\vendor\\laravel\\framework\\src\\Illuminate\\Routing\\Pipeline.php(53): Illuminate\\Pipeline\\Pipeline->Illuminate\\Pipeline\\{closure}(Object(Illuminate\\Http\\Request))
#18 C:\\OSPanel\\domains\\gator\\vendor\\laravel\\framework\\src\\Illuminate\\Session\\Middleware\\StartSession.php(56): Illuminate\\Routing\\Pipeline->Illuminate\\Routing\\{closure}(Object(Illuminate\\Http\\Request))
#19 C:\\OSPanel\\domains\\gator\\vendor\\laravel\\framework\\src\\Illuminate\\Pipeline\\Pipeline.php(163): Illuminate\\Session\\Middleware\\StartSession->handle(Object(Illuminate\\Http\\Request), Object(Closure))
#20 C:\\OSPanel\\domains\\gator\\vendor\\laravel\\framework\\src\\Illuminate\\Routing\\Pipeline.php(53): Illuminate\\Pipeline\\Pipeline->Illuminate\\Pipeline\\{closure}(Object(Illuminate\\Http\\Request))
#21 C:\\OSPanel\\domains\\gator\\vendor\\laravel\\framework\\src\\Illuminate\\Cookie\\Middleware\\AddQueuedCookiesToResponse.php(37): Illuminate\\Routing\\Pipeline->Illuminate\\Routing\\{closure}(Object(Illuminate\\Http\\Request))
#22 C:\\OSPanel\\domains\\gator\\vendor\\laravel\\framework\\src\\Illuminate\\Pipeline\\Pipeline.php(163): Illuminate\\Cookie\\Middleware\\AddQueuedCookiesToResponse->handle(Object(Illuminate\\Http\\Request), Object(Closure))
#23 C:\\OSPanel\\domains\\gator\\vendor\\laravel\\framework\\src\\Illuminate\\Routing\\Pipeline.php(53): Illuminate\\Pipeline\\Pipeline->Illuminate\\Pipeline\\{closure}(Object(Illuminate\\Http\\Request))
#24 C:\\OSPanel\\domains\\gator\\vendor\\laravel\\framework\\src\\Illuminate\\Cookie\\Middleware\\EncryptCookies.php(66): Illuminate\\Routing\\Pipeline->Illuminate\\Routing\\{closure}(Object(Illuminate\\Http\\Request))
#25 C:\\OSPanel\\domains\\gator\\vendor\\laravel\\framework\\src\\Illuminate\\Pipeline\\Pipeline.php(163): Illuminate\\Cookie\\Middleware\\EncryptCookies->handle(Object(Illuminate\\Http\\Request), Object(Closure))
#26 C:\\OSPanel\\domains\\gator\\vendor\\laravel\\framework\\src\\Illuminate\\Routing\\Pipeline.php(53): Illuminate\\Pipeline\\Pipeline->Illuminate\\Pipeline\\{closure}(Object(Illuminate\\Http\\Request))
#27 C:\\OSPanel\\domains\\gator\\vendor\\laravel\\framework\\src\\Illuminate\\Pipeline\\Pipeline.php(104): Illuminate\\Routing\\Pipeline->Illuminate\\Routing\\{closure}(Object(Illuminate\\Http\\Request))
#28 C:\\OSPanel\\domains\\gator\\vendor\\laravel\\framework\\src\\Illuminate\\Routing\\Router.php(682): Illuminate\\Pipeline\\Pipeline->then(Object(Closure))
#29 C:\\OSPanel\\domains\\gator\\vendor\\laravel\\framework\\src\\Illuminate\\Routing\\Router.php(657): Illuminate\\Routing\\Router->runRouteWithinStack(Object(Illuminate\\Routing\\Route), Object(Illuminate\\Http\\Request))
#30 C:\\OSPanel\\domains\\gator\\vendor\\laravel\\framework\\src\\Illuminate\\Routing\\Router.php(623): Illuminate\\Routing\\Router->runRoute(Object(Illuminate\\Http\\Request), Object(Illuminate\\Routing\\Route))
#31 C:\\OSPanel\\domains\\gator\\vendor\\laravel\\framework\\src\\Illuminate\\Routing\\Router.php(612): Illuminate\\Routing\\Router->dispatchToRoute(Object(Illuminate\\Http\\Request))
#32 C:\\OSPanel\\domains\\gator\\vendor\\laravel\\framework\\src\\Illuminate\\Foundation\\Http\\Kernel.php(176): Illuminate\\Routing\\Router->dispatch(Object(Illuminate\\Http\\Request))
#33 C:\\OSPanel\\domains\\gator\\vendor\\laravel\\framework\\src\\Illuminate\\Routing\\Pipeline.php(30): Illuminate\\Foundation\\Http\\Kernel->Illuminate\\Foundation\\Http\\{closure}(Object(Illuminate\\Http\\Request))
#34 C:\\OSPanel\\domains\\gator\\vendor\\fideloper\\proxy\\src\\TrustProxies.php(57): Illuminate\\Routing\\Pipeline->Illuminate\\Routing\\{closure}(Object(Illuminate\\Http\\Request))
#35 C:\\OSPanel\\domains\\gator\\vendor\\laravel\\framework\\src\\Illuminate\\Pipeline\\Pipeline.php(163): Fideloper\\Proxy\\TrustProxies->handle(Object(Illuminate\\Http\\Request), Object(Closure))
#36 C:\\OSPanel\\domains\\gator\\vendor\\laravel\\framework\\src\\Illuminate\\Routing\\Pipeline.php(53): Illuminate\\Pipeline\\Pipeline->Illuminate\\Pipeline\\{closure}(Object(Illuminate\\Http\\Request))
#37 C:\\OSPanel\\domains\\gator\\vendor\\laravel\\framework\\src\\Illuminate\\Foundation\\Http\\Middleware\\TransformsRequest.php(21): Illuminate\\Routing\\Pipeline->Illuminate\\Routing\\{closure}(Object(Illuminate\\Http\\Request))
#38 C:\\OSPanel\\domains\\gator\\vendor\\laravel\\framework\\src\\Illuminate\\Pipeline\\Pipeline.php(163): Illuminate\\Foundation\\Http\\Middleware\\TransformsRequest->handle(Object(Illuminate\\Http\\Request), Object(Closure))
#39 C:\\OSPanel\\domains\\gator\\vendor\\laravel\\framework\\src\\Illuminate\\Routing\\Pipeline.php(53): Illuminate\\Pipeline\\Pipeline->Illuminate\\Pipeline\\{closure}(Object(Illuminate\\Http\\Request))
#40 C:\\OSPanel\\domains\\gator\\vendor\\laravel\\framework\\src\\Illuminate\\Foundation\\Http\\Middleware\\TransformsRequest.php(21): Illuminate\\Routing\\Pipeline->Illuminate\\Routing\\{closure}(Object(Illuminate\\Http\\Request))
#41 C:\\OSPanel\\domains\\gator\\vendor\\laravel\\framework\\src\\Illuminate\\Pipeline\\Pipeline.php(163): Illuminate\\Foundation\\Http\\Middleware\\TransformsRequest->handle(Object(Illuminate\\Http\\Request), Object(Closure))
#42 C:\\OSPanel\\domains\\gator\\vendor\\laravel\\framework\\src\\Illuminate\\Routing\\Pipeline.php(53): Illuminate\\Pipeline\\Pipeline->Illuminate\\Pipeline\\{closure}(Object(Illuminate\\Http\\Request))
#43 C:\\OSPanel\\domains\\gator\\vendor\\laravel\\framework\\src\\Illuminate\\Foundation\\Http\\Middleware\\ValidatePostSize.php(27): Illuminate\\Routing\\Pipeline->Illuminate\\Routing\\{closure}(Object(Illuminate\\Http\\Request))
#44 C:\\OSPanel\\domains\\gator\\vendor\\laravel\\framework\\src\\Illuminate\\Pipeline\\Pipeline.php(163): Illuminate\\Foundation\\Http\\Middleware\\ValidatePostSize->handle(Object(Illuminate\\Http\\Request), Object(Closure))
#45 C:\\OSPanel\\domains\\gator\\vendor\\laravel\\framework\\src\\Illuminate\\Routing\\Pipeline.php(53): Illuminate\\Pipeline\\Pipeline->Illuminate\\Pipeline\\{closure}(Object(Illuminate\\Http\\Request))
#46 C:\\OSPanel\\domains\\gator\\vendor\\laravel\\framework\\src\\Illuminate\\Foundation\\Http\\Middleware\\CheckForMaintenanceMode.php(62): Illuminate\\Routing\\Pipeline->Illuminate\\Routing\\{closure}(Object(Illuminate\\Http\\Request))
#47 C:\\OSPanel\\domains\\gator\\vendor\\laravel\\framework\\src\\Illuminate\\Pipeline\\Pipeline.php(163): Illuminate\\Foundation\\Http\\Middleware\\CheckForMaintenanceMode->handle(Object(Illuminate\\Http\\Request), Object(Closure))
#48 C:\\OSPanel\\domains\\gator\\vendor\\laravel\\framework\\src\\Illuminate\\Routing\\Pipeline.php(53): Illuminate\\Pipeline\\Pipeline->Illuminate\\Pipeline\\{closure}(Object(Illuminate\\Http\\Request))
#49 C:\\OSPanel\\domains\\gator\\vendor\\laravel\\framework\\src\\Illuminate\\Pipeline\\Pipeline.php(104): Illuminate\\Routing\\Pipeline->Illuminate\\Routing\\{closure}(Object(Illuminate\\Http\\Request))
#50 C:\\OSPanel\\domains\\gator\\vendor\\laravel\\framework\\src\\Illuminate\\Foundation\\Http\\Kernel.php(151): Illuminate\\Pipeline\\Pipeline->then(Object(Closure))
#51 C:\\OSPanel\\domains\\gator\\vendor\\laravel\\framework\\src\\Illuminate\\Foundation\\Http\\Kernel.php(116): Illuminate\\Foundation\\Http\\Kernel->sendRequestThroughRouter(Object(Illuminate\\Http\\Request))
#52 C:\\OSPanel\\domains\\gator\\public\\index.php(55): Illuminate\\Foundation\\Http\\Kernel->handle(Object(Illuminate\\Http\\Request))
#53 {main}
"} 
